2024-04-23 21:04:22,511 Number of params to train: 5821797
2024-04-23 21:04:22,512 Agent number of parameters: 5821797
2024-04-23 21:04:23,480 update: 1	fps: 33.694	
2024-04-23 21:04:23,481 Num updates: 1	Num frames 32
2024-04-23 21:04:23,481 Average window size: 1  distance_to_goal: 10.440  distance_to_goal_reward: 0.000  reward: 0.046  spl: 0.000  success: 0.000
2024-04-23 21:04:23,481 	Perf Stats: trainer.rollout_collect: 0.598 trainer.sample_action: 0.014 trainer.obs_insert: 0.000 trainer.step_env: 0.004 trainer.update_stats: 0.000 trainer.update_agent: 0.348
2024-04-23 21:06:57,693 Initializing dataset PointNav-v1
2024-04-23 21:07:13,948 Initializing dataset PointNav-v1
2024-04-23 21:07:40,626 Initializing dataset PointNav-v1
2024-04-23 21:08:03,234 Initializing dataset PointNav-v1
2024-04-23 21:17:28,886 Initializing dataset PointNav-v1
2024-04-23 21:17:36,028 Initializing dataset PointNav-v1
2024-04-23 21:18:52,554 Initializing dataset PointNav-v1
2024-04-23 21:18:52,560 initializing sim Sim-v0
2024-04-23 21:18:53,843 Initializing task TestNav-v0
2024-04-23 21:18:53,844 Creating a new type of task
2024-04-23 21:19:20,100 Current agent position: AgentState(position=array([-1.2676634 ,  0.20478529, 12.5954275 ], dtype=float32), rotation=quaternion(0.891185760498047, 0, 0.45363849401474, 0), sensor_states={'rgb': SixDOFPose(position=array([-1.2676634,  1.4547853, 12.5954275], dtype=float32), rotation=quaternion(0.891185760498047, 0, 0.45363849401474, 0)), 'depth': SixDOFPose(position=array([-1.2676634,  1.4547853, 12.5954275], dtype=float32), rotation=quaternion(0.891185760498047, 0, 0.45363849401474, 0))})
2024-04-23 21:19:44,263 Initializing dataset PointNav-v1
2024-04-23 21:19:44,268 initializing sim Sim-v0
2024-04-23 21:19:45,446 Initializing task Nav-v0
