2024-06-06 11:40:31,302 agent number of parameters: 10200037
2024-06-06 11:46:51,948 agent number of parameters: 10200037
2024-06-06 12:00:39,947 update: 25	fps: 38.764	
2024-06-06 12:00:39,948 update: 25	env-time: 769.579s	pth-time: 51.981s	frames: 32000
2024-06-06 12:00:39,948 Average window size: 25  distance_to_goal: 2.654  distance_to_goal_reward: 0.000  euclidean_distance_to_goal: 2.221  euclidean_spl: 0.003  euclidean_success: 0.003  nonstop_euclidean_spl: 0.003  nonstop_euclidean_success: 0.003  reward: 0.002
2024-06-06 12:08:45,566 update: 50	fps: 48.813	
2024-06-06 12:08:45,567 update: 50	env-time: 1204.133s	pth-time: 101.544s	frames: 64000
2024-06-06 12:08:45,567 Average window size: 50  distance_to_goal: 2.594  distance_to_goal_reward: -0.000  euclidean_distance_to_goal: 2.178  euclidean_spl: 0.003  euclidean_success: 0.004  nonstop_euclidean_spl: 0.003  nonstop_euclidean_success: 0.004  reward: 0.054
2024-06-06 12:11:57,630 update: 75	fps: 63.864	
2024-06-06 12:11:57,631 update: 75	env-time: 1345.868s	pth-time: 150.494s	frames: 96000
2024-06-06 12:11:57,632 Average window size: 50  distance_to_goal: 2.388  distance_to_goal_reward: 0.000  euclidean_distance_to_goal: 2.034  euclidean_spl: 0.005  euclidean_success: 0.011  nonstop_euclidean_spl: 0.005  nonstop_euclidean_success: 0.011  reward: 0.243
2024-06-06 12:16:07,945 update: 100	fps: 72.996	
2024-06-06 12:16:07,946 update: 100	env-time: 1545.349s	pth-time: 199.758s	frames: 128000
2024-06-06 12:16:07,946 Average window size: 50  distance_to_goal: 1.919  distance_to_goal_reward: 0.000  euclidean_distance_to_goal: 1.714  euclidean_spl: 0.015  euclidean_success: 0.029  nonstop_euclidean_spl: 0.015  nonstop_euclidean_success: 0.029  reward: 0.723
2024-06-06 12:20:19,659 update: 125	fps: 79.792	
2024-06-06 12:20:19,660 update: 125	env-time: 1746.360s	pth-time: 249.050s	frames: 160000
2024-06-06 12:20:19,661 Average window size: 50  distance_to_goal: 1.791  distance_to_goal_reward: -0.000  euclidean_distance_to_goal: 1.614  euclidean_spl: 0.017  euclidean_success: 0.030  nonstop_euclidean_spl: 0.017  nonstop_euclidean_success: 0.030  reward: 0.857
2024-06-06 12:24:43,434 update: 150	fps: 84.619	
2024-06-06 12:24:43,435 update: 150	env-time: 1959.302s	pth-time: 298.449s	frames: 192000
2024-06-06 12:24:43,435 Average window size: 50  distance_to_goal: 1.710  distance_to_goal_reward: -0.000  euclidean_distance_to_goal: 1.557  euclidean_spl: 0.017  euclidean_success: 0.031  nonstop_euclidean_spl: 0.017  nonstop_euclidean_success: 0.032  reward: 0.952
2024-06-06 12:29:45,588 update: 175	fps: 87.120	
2024-06-06 12:29:45,589 update: 175	env-time: 2204.705s	pth-time: 348.180s	frames: 224000
2024-06-06 12:29:45,589 Average window size: 50  distance_to_goal: 1.701  distance_to_goal_reward: 0.000  euclidean_distance_to_goal: 1.553  euclidean_spl: 0.021  euclidean_success: 0.039  nonstop_euclidean_spl: 0.021  nonstop_euclidean_success: 0.040  reward: 1.000
2024-06-06 12:34:37,583 update: 200	fps: 89.412	
2024-06-06 12:34:37,583 update: 200	env-time: 2444.884s	pth-time: 397.771s	frames: 256000
2024-06-06 12:34:37,584 Average window size: 50  distance_to_goal: 1.727  distance_to_goal_reward: 0.000  euclidean_distance_to_goal: 1.573  euclidean_spl: 0.020  euclidean_success: 0.038  nonstop_euclidean_spl: 0.020  nonstop_euclidean_success: 0.038  reward: 0.979
2024-06-06 12:38:43,631 update: 225	fps: 92.628	
2024-06-06 12:38:43,632 update: 225	env-time: 2640.050s	pth-time: 447.232s	frames: 288000
2024-06-06 12:38:43,632 Average window size: 50  distance_to_goal: 1.698  distance_to_goal_reward: 0.000  euclidean_distance_to_goal: 1.550  euclidean_spl: 0.018  euclidean_success: 0.035  nonstop_euclidean_spl: 0.018  nonstop_euclidean_success: 0.035  reward: 0.986
2024-06-06 12:44:00,115 update: 250	fps: 93.412	
2024-06-06 12:44:00,116 update: 250	env-time: 2905.415s	pth-time: 496.911s	frames: 320000
2024-06-06 12:44:00,116 Average window size: 50  distance_to_goal: 1.644  distance_to_goal_reward: 0.000  euclidean_distance_to_goal: 1.501  euclidean_spl: 0.021  euclidean_success: 0.037  nonstop_euclidean_spl: 0.021  nonstop_euclidean_success: 0.037  reward: 1.028
2024-06-06 12:48:34,576 update: 275	fps: 95.131	
2024-06-06 12:48:34,577 update: 275	env-time: 3128.548s	pth-time: 546.526s	frames: 352000
2024-06-06 12:48:34,578 Average window size: 50  distance_to_goal: 1.625  distance_to_goal_reward: 0.000  euclidean_distance_to_goal: 1.478  euclidean_spl: 0.024  euclidean_success: 0.044  nonstop_euclidean_spl: 0.024  nonstop_euclidean_success: 0.044  reward: 1.062
2024-06-06 12:54:00,843 update: 300	fps: 95.370	
2024-06-06 12:54:00,843 update: 300	env-time: 3402.800s	pth-time: 596.307s	frames: 384000
2024-06-06 12:54:00,844 Average window size: 50  distance_to_goal: 1.634  distance_to_goal_reward: 0.000  euclidean_distance_to_goal: 1.488  euclidean_spl: 0.026  euclidean_success: 0.047  nonstop_euclidean_spl: 0.026  nonstop_euclidean_success: 0.047  reward: 1.094
2024-06-06 12:59:48,236 update: 325	fps: 95.112	
2024-06-06 12:59:48,236 update: 325	env-time: 3694.485s	pth-time: 645.930s	frames: 416000
2024-06-06 12:59:48,237 Average window size: 50  distance_to_goal: 1.633  distance_to_goal_reward: 0.000  euclidean_distance_to_goal: 1.495  euclidean_spl: 0.031  euclidean_success: 0.049  nonstop_euclidean_spl: 0.031  nonstop_euclidean_success: 0.049  reward: 1.106
2024-06-06 13:05:17,519 update: 350	fps: 95.257	
2024-06-06 13:05:17,519 update: 350	env-time: 3972.407s	pth-time: 695.820s	frames: 448000
2024-06-06 13:05:17,520 Average window size: 50  distance_to_goal: 1.609  distance_to_goal_reward: 0.000  euclidean_distance_to_goal: 1.477  euclidean_spl: 0.037  euclidean_success: 0.060  nonstop_euclidean_spl: 0.037  nonstop_euclidean_success: 0.060  reward: 1.155
2024-06-06 13:11:07,904 update: 375	fps: 94.984	
2024-06-06 13:11:07,905 update: 375	env-time: 4271.625s	pth-time: 745.545s	frames: 480000
2024-06-06 13:11:07,905 Average window size: 50  distance_to_goal: 1.597  distance_to_goal_reward: 0.000  euclidean_distance_to_goal: 1.458  euclidean_spl: 0.040  euclidean_success: 0.064  nonstop_euclidean_spl: 0.040  nonstop_euclidean_success: 0.064  reward: 1.194
2024-06-06 13:16:41,420 update: 400	fps: 95.044	
2024-06-06 13:16:41,421 update: 400	env-time: 4553.383s	pth-time: 795.092s	frames: 512000
2024-06-06 13:16:41,421 Average window size: 50  distance_to_goal: 1.553  distance_to_goal_reward: 0.000  euclidean_distance_to_goal: 1.416  euclidean_spl: 0.049  euclidean_success: 0.075  nonstop_euclidean_spl: 0.049  nonstop_euclidean_success: 0.075  reward: 1.237
2024-06-06 13:22:11,702 update: 425	fps: 95.150	
2024-06-06 13:22:11,703 update: 425	env-time: 4832.470s	pth-time: 844.871s	frames: 544000
2024-06-06 13:22:11,703 Average window size: 50  distance_to_goal: 1.545  distance_to_goal_reward: 0.000  euclidean_distance_to_goal: 1.406  euclidean_spl: 0.054  euclidean_success: 0.087  nonstop_euclidean_spl: 0.055  nonstop_euclidean_success: 0.087  reward: 1.271
2024-06-06 13:27:43,403 update: 450	fps: 95.223	
2024-06-06 13:27:43,404 update: 450	env-time: 5112.907s	pth-time: 894.660s	frames: 576000
2024-06-06 13:27:43,404 Average window size: 50  distance_to_goal: 1.506  distance_to_goal_reward: 0.000  euclidean_distance_to_goal: 1.365  euclidean_spl: 0.072  euclidean_success: 0.109  nonstop_euclidean_spl: 0.072  nonstop_euclidean_success: 0.109  reward: 1.373
2024-06-06 13:30:33,263 update: 475	fps: 97.768	
2024-06-06 13:30:33,264 update: 475	env-time: 5228.658s	pth-time: 944.108s	frames: 608000
2024-06-06 13:30:33,264 Average window size: 50  distance_to_goal: 1.355  distance_to_goal_reward: 0.000  euclidean_distance_to_goal: 1.227  euclidean_spl: 0.103  euclidean_success: 0.171  nonstop_euclidean_spl: 0.103  nonstop_euclidean_success: 0.171  reward: 1.646
2024-06-06 13:33:05,704 update: 500	fps: 100.451	
2024-06-06 13:33:05,706 update: 500	env-time: 5329.558s	pth-time: 993.518s	frames: 640000
2024-06-06 13:33:05,706 Average window size: 50  distance_to_goal: 0.956  distance_to_goal_reward: 0.001  euclidean_distance_to_goal: 0.846  euclidean_spl: 0.185  euclidean_success: 0.384  nonstop_euclidean_spl: 0.185  nonstop_euclidean_success: 0.385  reward: 2.442
2024-06-06 13:35:53,477 update: 525	fps: 102.767	
2024-06-06 13:35:53,477 update: 525	env-time: 5445.257s	pth-time: 1043.899s	frames: 672000
2024-06-06 13:35:53,478 Average window size: 50  distance_to_goal: 0.903  distance_to_goal_reward: 0.003  euclidean_distance_to_goal: 0.804  euclidean_spl: 0.204  euclidean_success: 0.426  nonstop_euclidean_spl: 0.204  nonstop_euclidean_success: 0.429  reward: 2.590
2024-06-06 13:38:47,570 update: 550	fps: 104.869	
2024-06-06 13:38:47,570 update: 550	env-time: 5568.493s	pth-time: 1093.357s	frames: 704000
2024-06-06 13:38:47,571 Average window size: 50  distance_to_goal: 0.959  distance_to_goal_reward: 0.004  euclidean_distance_to_goal: 0.840  euclidean_spl: 0.190  euclidean_success: 0.409  nonstop_euclidean_spl: 0.190  nonstop_euclidean_success: 0.411  reward: 2.523
2024-06-06 13:41:22,464 update: 575	fps: 107.163	
2024-06-06 13:41:22,465 update: 575	env-time: 5672.506s	pth-time: 1142.899s	frames: 736000
2024-06-06 13:41:22,465 Average window size: 50  distance_to_goal: 0.891  distance_to_goal_reward: 0.002  euclidean_distance_to_goal: 0.793  euclidean_spl: 0.212  euclidean_success: 0.447  nonstop_euclidean_spl: 0.213  nonstop_euclidean_success: 0.453  reward: 2.676
2024-06-06 13:44:11,675 update: 600	fps: 109.134	
2024-06-06 13:44:11,676 update: 600	env-time: 5790.003s	pth-time: 1192.472s	frames: 768000
2024-06-06 13:44:11,676 Average window size: 50  distance_to_goal: 0.896  distance_to_goal_reward: 0.001  euclidean_distance_to_goal: 0.792  euclidean_spl: 0.230  euclidean_success: 0.447  nonstop_euclidean_spl: 0.231  nonstop_euclidean_success: 0.454  reward: 2.675
2024-06-06 13:46:52,476 update: 625	fps: 111.141	
2024-06-06 13:46:52,477 update: 625	env-time: 5896.707s	pth-time: 1241.873s	frames: 800000
2024-06-06 13:46:52,478 Average window size: 50  distance_to_goal: 0.902  distance_to_goal_reward: 0.004  euclidean_distance_to_goal: 0.761  euclidean_spl: 0.221  euclidean_success: 0.461  nonstop_euclidean_spl: 0.221  nonstop_euclidean_success: 0.465  reward: 2.728
2024-06-06 13:49:24,139 update: 650	fps: 113.202	
2024-06-06 13:49:24,140 update: 650	env-time: 5997.487s	pth-time: 1291.380s	frames: 832000
2024-06-06 13:49:24,140 Average window size: 50  distance_to_goal: 0.801  distance_to_goal_reward: 0.005  euclidean_distance_to_goal: 0.656  euclidean_spl: 0.216  euclidean_success: 0.529  nonstop_euclidean_spl: 0.216  nonstop_euclidean_success: 0.534  reward: 2.977
2024-06-06 13:51:52,270 update: 675	fps: 115.233	
2024-06-06 13:51:52,271 update: 675	env-time: 6095.004s	pth-time: 1340.650s	frames: 864000
2024-06-06 13:51:52,271 Average window size: 50  distance_to_goal: 0.765  distance_to_goal_reward: 0.003  euclidean_distance_to_goal: 0.647  euclidean_spl: 0.222  euclidean_success: 0.567  nonstop_euclidean_spl: 0.222  nonstop_euclidean_success: 0.573  reward: 3.049
2024-06-06 13:54:30,987 update: 700	fps: 117.024	
2024-06-06 13:54:30,988 update: 700	env-time: 6202.124s	pth-time: 1390.140s	frames: 896000
2024-06-06 13:54:30,988 Average window size: 50  distance_to_goal: 0.750  distance_to_goal_reward: 0.003  euclidean_distance_to_goal: 0.662  euclidean_spl: 0.220  euclidean_success: 0.540  nonstop_euclidean_spl: 0.220  nonstop_euclidean_success: 0.548  reward: 2.986
2024-06-06 13:57:01,094 update: 725	fps: 118.873	
2024-06-06 13:57:01,094 update: 725	env-time: 6301.562s	pth-time: 1439.427s	frames: 928000
2024-06-06 13:57:01,095 Average window size: 50  distance_to_goal: 0.792  distance_to_goal_reward: 0.004  euclidean_distance_to_goal: 0.699  euclidean_spl: 0.225  euclidean_success: 0.511  nonstop_euclidean_spl: 0.226  nonstop_euclidean_success: 0.515  reward: 2.877
2024-06-06 13:59:46,158 update: 750	fps: 120.426	
2024-06-06 13:59:46,159 update: 750	env-time: 6415.518s	pth-time: 1489.209s	frames: 960000
2024-06-06 13:59:46,159 Average window size: 50  distance_to_goal: 0.795  distance_to_goal_reward: 0.001  euclidean_distance_to_goal: 0.691  euclidean_spl: 0.255  euclidean_success: 0.535  nonstop_euclidean_spl: 0.255  nonstop_euclidean_success: 0.537  reward: 2.990
2024-06-06 14:02:39,281 update: 775	fps: 121.795	
2024-06-06 14:02:39,282 update: 775	env-time: 6533.863s	pth-time: 1538.876s	frames: 992000
2024-06-06 14:02:39,283 Average window size: 50  distance_to_goal: 0.749  distance_to_goal_reward: 0.001  euclidean_distance_to_goal: 0.643  euclidean_spl: 0.243  euclidean_success: 0.547  nonstop_euclidean_spl: 0.243  nonstop_euclidean_success: 0.551  reward: 3.111
2024-06-06 14:05:17,490 update: 800	fps: 123.328	
2024-06-06 14:05:17,491 update: 800	env-time: 6640.370s	pth-time: 1588.400s	frames: 1024000
2024-06-06 14:05:17,491 Average window size: 50  distance_to_goal: 0.684  distance_to_goal_reward: 0.002  euclidean_distance_to_goal: 0.591  euclidean_spl: 0.230  euclidean_success: 0.570  nonstop_euclidean_spl: 0.230  nonstop_euclidean_success: 0.575  reward: 3.207
2024-06-06 14:07:56,146 update: 825	fps: 124.797	
2024-06-06 14:07:56,147 update: 825	env-time: 6748.470s	pth-time: 1637.610s	frames: 1056000
2024-06-06 14:07:56,147 Average window size: 50  distance_to_goal: 0.670  distance_to_goal_reward: -0.001  euclidean_distance_to_goal: 0.580  euclidean_spl: 0.232  euclidean_success: 0.581  nonstop_euclidean_spl: 0.233  nonstop_euclidean_success: 0.585  reward: 3.205
2024-06-06 14:10:38,132 update: 850	fps: 126.164	
2024-06-06 14:10:38,133 update: 850	env-time: 6859.466s	pth-time: 1687.261s	frames: 1088000
2024-06-06 14:10:38,133 Average window size: 50  distance_to_goal: 0.753  distance_to_goal_reward: -0.001  euclidean_distance_to_goal: 0.641  euclidean_spl: 0.233  euclidean_success: 0.550  nonstop_euclidean_spl: 0.233  nonstop_euclidean_success: 0.553  reward: 3.051
2024-06-06 14:13:09,822 update: 875	fps: 127.630	
2024-06-06 14:13:09,822 update: 875	env-time: 6960.005s	pth-time: 1737.046s	frames: 1120000
2024-06-06 14:13:09,823 Average window size: 50  distance_to_goal: 0.749  distance_to_goal_reward: -0.000  euclidean_distance_to_goal: 0.630  euclidean_spl: 0.248  euclidean_success: 0.573  nonstop_euclidean_spl: 0.249  nonstop_euclidean_success: 0.577  reward: 3.108
2024-06-06 14:15:55,613 update: 900	fps: 128.842	
2024-06-06 14:15:55,614 update: 900	env-time: 7074.050s	pth-time: 1786.522s	frames: 1152000
2024-06-06 14:15:55,614 Average window size: 50  distance_to_goal: 0.716  distance_to_goal_reward: -0.000  euclidean_distance_to_goal: 0.595  euclidean_spl: 0.259  euclidean_success: 0.599  nonstop_euclidean_spl: 0.259  nonstop_euclidean_success: 0.601  reward: 3.188
2024-06-06 14:18:46,463 update: 925	fps: 129.938	
2024-06-06 14:18:46,464 update: 925	env-time: 7190.487s	pth-time: 1836.149s	frames: 1184000
2024-06-06 14:18:46,464 Average window size: 50  distance_to_goal: 0.669  distance_to_goal_reward: 0.001  euclidean_distance_to_goal: 0.556  euclidean_spl: 0.270  euclidean_success: 0.608  nonstop_euclidean_spl: 0.270  nonstop_euclidean_success: 0.610  reward: 3.291
2024-06-06 14:21:26,694 update: 950	fps: 131.144	
2024-06-06 14:21:26,695 update: 950	env-time: 7299.724s	pth-time: 1885.768s	frames: 1216000
2024-06-06 14:21:26,695 Average window size: 50  distance_to_goal: 0.622  distance_to_goal_reward: -0.000  euclidean_distance_to_goal: 0.516  euclidean_spl: 0.289  euclidean_success: 0.642  nonstop_euclidean_spl: 0.289  nonstop_euclidean_success: 0.646  reward: 3.466
2024-06-06 14:24:02,974 update: 975	fps: 132.364	
2024-06-06 14:24:02,976 update: 975	env-time: 7405.484s	pth-time: 1934.919s	frames: 1248000
2024-06-06 14:24:02,976 Average window size: 50  distance_to_goal: 0.647  distance_to_goal_reward: -0.001  euclidean_distance_to_goal: 0.557  euclidean_spl: 0.273  euclidean_success: 0.622  nonstop_euclidean_spl: 0.273  nonstop_euclidean_success: 0.625  reward: 3.374
2024-06-06 14:26:39,235 update: 1000	fps: 133.545	
2024-06-06 14:26:39,236 update: 1000	env-time: 7510.397s	pth-time: 1984.114s	frames: 1280000
2024-06-06 14:26:39,236 Average window size: 50  distance_to_goal: 0.670  distance_to_goal_reward: -0.002  euclidean_distance_to_goal: 0.586  euclidean_spl: 0.259  euclidean_success: 0.592  nonstop_euclidean_spl: 0.259  nonstop_euclidean_success: 0.594  reward: 3.279
2024-06-06 14:29:12,616 update: 1025	fps: 134.727	
2024-06-06 14:29:12,617 update: 1025	env-time: 7612.799s	pth-time: 2033.454s	frames: 1312000
2024-06-06 14:29:12,617 Average window size: 50  distance_to_goal: 0.662  distance_to_goal_reward: -0.001  euclidean_distance_to_goal: 0.569  euclidean_spl: 0.264  euclidean_success: 0.607  nonstop_euclidean_spl: 0.264  nonstop_euclidean_success: 0.614  reward: 3.306
2024-06-06 14:31:58,131 update: 1050	fps: 135.707	
2024-06-06 14:31:58,132 update: 1050	env-time: 7727.621s	pth-time: 2082.838s	frames: 1344000
2024-06-06 14:31:58,132 Average window size: 50  distance_to_goal: 0.677  distance_to_goal_reward: -0.002  euclidean_distance_to_goal: 0.576  euclidean_spl: 0.269  euclidean_success: 0.604  nonstop_euclidean_spl: 0.270  nonstop_euclidean_success: 0.609  reward: 3.305
2024-06-06 14:34:33,356 update: 1075	fps: 136.794	
2024-06-06 14:34:33,357 update: 1075	env-time: 7828.442s	pth-time: 2132.087s	frames: 1376000
2024-06-06 14:34:33,357 Average window size: 50  distance_to_goal: 0.645  distance_to_goal_reward: -0.000  euclidean_distance_to_goal: 0.555  euclidean_spl: 0.288  euclidean_success: 0.626  nonstop_euclidean_spl: 0.289  nonstop_euclidean_success: 0.633  reward: 3.400
2024-06-06 14:37:13,685 update: 1100	fps: 137.779	
2024-06-06 14:37:13,686 update: 1100	env-time: 7936.976s	pth-time: 2181.722s	frames: 1408000
2024-06-06 14:37:13,686 Average window size: 50  distance_to_goal: 0.624  distance_to_goal_reward: 0.009  euclidean_distance_to_goal: 0.550  euclidean_spl: 0.296  euclidean_success: 0.634  nonstop_euclidean_spl: 0.297  nonstop_euclidean_success: 0.642  reward: 3.377
2024-06-06 14:39:46,495 update: 1125	fps: 138.835	
2024-06-06 14:39:46,496 update: 1125	env-time: 8039.305s	pth-time: 2230.860s	frames: 1440000
2024-06-06 14:39:46,496 Average window size: 50  distance_to_goal: 0.666  distance_to_goal_reward: 0.007  euclidean_distance_to_goal: 0.572  euclidean_spl: 0.290  euclidean_success: 0.607  nonstop_euclidean_spl: 0.292  nonstop_euclidean_success: 0.613  reward: 3.271
2024-06-06 14:42:28,867 update: 1150	fps: 139.732	
2024-06-06 14:42:28,868 update: 1150	env-time: 8150.817s	pth-time: 2280.314s	frames: 1472000
2024-06-06 14:42:28,869 Average window size: 50  distance_to_goal: 0.649  distance_to_goal_reward: 0.002  euclidean_distance_to_goal: 0.541  euclidean_spl: 0.317  euclidean_success: 0.645  nonstop_euclidean_spl: 0.320  nonstop_euclidean_success: 0.655  reward: 3.414
2024-06-06 14:44:59,641 update: 1175	fps: 140.755	
2024-06-06 14:44:59,642 update: 1175	env-time: 8250.964s	pth-time: 2329.585s	frames: 1504000
2024-06-06 14:44:59,642 Average window size: 50  distance_to_goal: 0.646  distance_to_goal_reward: 0.003  euclidean_distance_to_goal: 0.529  euclidean_spl: 0.321  euclidean_success: 0.661  nonstop_euclidean_spl: 0.321  nonstop_euclidean_success: 0.668  reward: 3.474
2024-06-06 14:47:29,549 update: 1200	fps: 141.761	
2024-06-06 14:47:29,550 update: 1200	env-time: 8349.143s	pth-time: 2379.163s	frames: 1536000
2024-06-06 14:47:29,550 Average window size: 50  distance_to_goal: 0.661  distance_to_goal_reward: 0.004  euclidean_distance_to_goal: 0.556  euclidean_spl: 0.293  euclidean_success: 0.651  nonstop_euclidean_spl: 0.293  nonstop_euclidean_success: 0.654  reward: 3.414
2024-06-06 14:50:01,813 update: 1225	fps: 142.709	
2024-06-06 14:50:01,814 update: 1225	env-time: 8447.396s	pth-time: 2428.395s	frames: 1568000
2024-06-06 14:50:01,814 Average window size: 50  distance_to_goal: 0.609  distance_to_goal_reward: 0.002  euclidean_distance_to_goal: 0.522  euclidean_spl: 0.310  euclidean_success: 0.691  nonstop_euclidean_spl: 0.310  nonstop_euclidean_success: 0.700  reward: 3.544
2024-06-06 14:52:40,313 update: 1250	fps: 143.551	
2024-06-06 14:52:40,313 update: 1250	env-time: 8554.979s	pth-time: 2477.982s	frames: 1600000
2024-06-06 14:52:40,314 Average window size: 50  distance_to_goal: 0.615  distance_to_goal_reward: 0.004  euclidean_distance_to_goal: 0.521  euclidean_spl: 0.306  euclidean_success: 0.676  nonstop_euclidean_spl: 0.306  nonstop_euclidean_success: 0.683  reward: 3.499
2024-06-06 14:55:16,849 update: 1275	fps: 144.394	
2024-06-06 14:55:16,850 update: 1275	env-time: 8660.491s	pth-time: 2527.388s	frames: 1632000
2024-06-06 14:55:16,850 Average window size: 50  distance_to_goal: 0.609  distance_to_goal_reward: 0.001  euclidean_distance_to_goal: 0.516  euclidean_spl: 0.300  euclidean_success: 0.655  nonstop_euclidean_spl: 0.301  nonstop_euclidean_success: 0.660  reward: 3.464
2024-06-06 14:57:57,328 update: 1300	fps: 145.164	
2024-06-06 14:57:57,329 update: 1300	env-time: 8769.517s	pth-time: 2576.702s	frames: 1664000
2024-06-06 14:57:57,329 Average window size: 50  distance_to_goal: 0.608  distance_to_goal_reward: -0.002  euclidean_distance_to_goal: 0.511  euclidean_spl: 0.320  euclidean_success: 0.665  nonstop_euclidean_spl: 0.320  nonstop_euclidean_success: 0.671  reward: 3.465
2024-06-06 15:00:29,934 update: 1325	fps: 146.012	
2024-06-06 15:00:29,935 update: 1325	env-time: 8871.238s	pth-time: 2626.234s	frames: 1696000
2024-06-06 15:00:29,935 Average window size: 50  distance_to_goal: 0.610  distance_to_goal_reward: 0.001  euclidean_distance_to_goal: 0.520  euclidean_spl: 0.329  euclidean_success: 0.682  nonstop_euclidean_spl: 0.329  nonstop_euclidean_success: 0.688  reward: 3.486
2024-06-06 15:03:00,202 update: 1350	fps: 146.867	
2024-06-06 15:03:00,203 update: 1350	env-time: 8971.016s	pth-time: 2675.411s	frames: 1728000
2024-06-06 15:03:00,203 Average window size: 50  distance_to_goal: 0.593  distance_to_goal_reward: 0.005  euclidean_distance_to_goal: 0.520  euclidean_spl: 0.310  euclidean_success: 0.687  nonstop_euclidean_spl: 0.310  nonstop_euclidean_success: 0.695  reward: 3.540
2024-06-06 15:05:33,323 update: 1375	fps: 147.665	
2024-06-06 15:05:33,324 update: 1375	env-time: 9068.251s	pth-time: 2724.857s	frames: 1760000
2024-06-06 15:05:33,325 Average window size: 50  distance_to_goal: 0.585  distance_to_goal_reward: 0.008  euclidean_distance_to_goal: 0.527  euclidean_spl: 0.294  euclidean_success: 0.669  nonstop_euclidean_spl: 0.295  nonstop_euclidean_success: 0.677  reward: 3.493
2024-06-06 15:08:11,585 update: 1400	fps: 148.379	
2024-06-06 15:08:11,586 update: 1400	env-time: 9174.792s	pth-time: 2774.336s	frames: 1792000
2024-06-06 15:08:11,586 Average window size: 50  distance_to_goal: 0.584  distance_to_goal_reward: 0.003  euclidean_distance_to_goal: 0.519  euclidean_spl: 0.296  euclidean_success: 0.676  nonstop_euclidean_spl: 0.297  nonstop_euclidean_success: 0.681  reward: 3.490
2024-06-06 15:10:37,023 update: 1425	fps: 149.232	
2024-06-06 15:10:37,024 update: 1425	env-time: 9270.033s	pth-time: 2823.224s	frames: 1824000
2024-06-06 15:10:37,025 Average window size: 50  distance_to_goal: 0.561  distance_to_goal_reward: -0.003  euclidean_distance_to_goal: 0.477  euclidean_spl: 0.294  euclidean_success: 0.701  nonstop_euclidean_spl: 0.295  nonstop_euclidean_success: 0.710  reward: 3.585
2024-06-06 15:13:07,191 update: 1450	fps: 150.007	
2024-06-06 15:13:07,192 update: 1450	env-time: 9369.226s	pth-time: 2872.839s	frames: 1856000
2024-06-06 15:13:07,192 Average window size: 50  distance_to_goal: 0.568  distance_to_goal_reward: 0.002  euclidean_distance_to_goal: 0.478  euclidean_spl: 0.278  euclidean_success: 0.707  nonstop_euclidean_spl: 0.279  nonstop_euclidean_success: 0.721  reward: 3.563
2024-06-06 15:15:49,183 update: 1475	fps: 150.621	
2024-06-06 15:15:49,185 update: 1475	env-time: 9479.988s	pth-time: 2922.682s	frames: 1888000
2024-06-06 15:15:49,185 Average window size: 50  distance_to_goal: 0.619  distance_to_goal_reward: 0.003  euclidean_distance_to_goal: 0.522  euclidean_spl: 0.267  euclidean_success: 0.662  nonstop_euclidean_spl: 0.268  nonstop_euclidean_success: 0.670  reward: 3.458
2024-06-06 15:18:30,999 update: 1500	fps: 151.222	
2024-06-06 15:18:31,000 update: 1500	env-time: 9590.070s	pth-time: 2972.235s	frames: 1920000
2024-06-06 15:18:31,001 Average window size: 50  distance_to_goal: 0.604  distance_to_goal_reward: 0.001  euclidean_distance_to_goal: 0.505  euclidean_spl: 0.272  euclidean_success: 0.656  nonstop_euclidean_spl: 0.272  nonstop_euclidean_success: 0.660  reward: 3.518
2024-06-06 15:21:12,735 update: 1525	fps: 151.809	
2024-06-06 15:21:12,736 update: 1525	env-time: 9697.295s	pth-time: 3021.676s	frames: 1952000
2024-06-06 15:21:12,736 Average window size: 50  distance_to_goal: 0.564  distance_to_goal_reward: 0.001  euclidean_distance_to_goal: 0.483  euclidean_spl: 0.285  euclidean_success: 0.674  nonstop_euclidean_spl: 0.285  nonstop_euclidean_success: 0.678  reward: 3.615
2024-06-06 15:23:44,385 update: 1550	fps: 152.499	
2024-06-06 15:23:44,386 update: 1550	env-time: 9798.307s	pth-time: 3070.954s	frames: 1984000
2024-06-06 15:23:44,387 Average window size: 50  distance_to_goal: 0.567  distance_to_goal_reward: 0.000  euclidean_distance_to_goal: 0.494  euclidean_spl: 0.280  euclidean_success: 0.669  nonstop_euclidean_spl: 0.280  nonstop_euclidean_success: 0.674  reward: 3.561
2024-06-06 15:26:21,694 update: 1575	fps: 153.107	
2024-06-06 15:26:21,695 update: 1575	env-time: 9904.829s	pth-time: 3120.364s	frames: 2016000
2024-06-06 15:26:21,695 Average window size: 50  distance_to_goal: 0.582  distance_to_goal_reward: 0.002  euclidean_distance_to_goal: 0.492  euclidean_spl: 0.266  euclidean_success: 0.668  nonstop_euclidean_spl: 0.267  nonstop_euclidean_success: 0.670  reward: 3.489
2024-06-06 15:28:52,724 update: 1600	fps: 153.773	
2024-06-06 15:28:52,725 update: 1600	env-time: 10004.463s	pth-time: 3169.611s	frames: 2048000
2024-06-06 15:28:52,725 Average window size: 50  distance_to_goal: 0.596  distance_to_goal_reward: 0.000  euclidean_distance_to_goal: 0.490  euclidean_spl: 0.271  euclidean_success: 0.674  nonstop_euclidean_spl: 0.271  nonstop_euclidean_success: 0.681  reward: 3.523
2024-06-06 15:31:26,167 update: 1625	fps: 154.397	
2024-06-06 15:31:26,168 update: 1625	env-time: 10106.950s	pth-time: 3219.216s	frames: 2080000
2024-06-06 15:31:26,169 Average window size: 50  distance_to_goal: 0.614  distance_to_goal_reward: -0.002  euclidean_distance_to_goal: 0.500  euclidean_spl: 0.277  euclidean_success: 0.688  nonstop_euclidean_spl: 0.278  nonstop_euclidean_success: 0.696  reward: 3.585
2024-06-06 15:33:54,921 update: 1650	fps: 155.061	
2024-06-06 15:33:54,922 update: 1650	env-time: 10205.153s	pth-time: 3268.427s	frames: 2112000
2024-06-06 15:33:54,922 Average window size: 50  distance_to_goal: 0.565  distance_to_goal_reward: 0.003  euclidean_distance_to_goal: 0.474  euclidean_spl: 0.286  euclidean_success: 0.719  nonstop_euclidean_spl: 0.286  nonstop_euclidean_success: 0.720  reward: 3.677
2024-06-06 15:36:32,569 update: 1675	fps: 155.609	
2024-06-06 15:36:32,570 update: 1675	env-time: 10308.609s	pth-time: 3317.921s	frames: 2144000
2024-06-06 15:36:32,570 Average window size: 50  distance_to_goal: 0.559  distance_to_goal_reward: 0.002  euclidean_distance_to_goal: 0.484  euclidean_spl: 0.274  euclidean_success: 0.703  nonstop_euclidean_spl: 0.274  nonstop_euclidean_success: 0.709  reward: 3.598
2024-06-06 15:39:07,235 update: 1700	fps: 156.178	
2024-06-06 15:39:07,235 update: 1700	env-time: 10411.874s	pth-time: 3367.142s	frames: 2176000
2024-06-06 15:39:07,236 Average window size: 50  distance_to_goal: 0.567  distance_to_goal_reward: 0.002  euclidean_distance_to_goal: 0.488  euclidean_spl: 0.268  euclidean_success: 0.698  nonstop_euclidean_spl: 0.268  nonstop_euclidean_success: 0.708  reward: 3.593
2024-06-06 15:41:39,050 update: 1725	fps: 156.767	
2024-06-06 15:41:39,051 update: 1725	env-time: 10513.358s	pth-time: 3416.179s	frames: 2208000
2024-06-06 15:41:39,051 Average window size: 50  distance_to_goal: 0.553  distance_to_goal_reward: 0.002  euclidean_distance_to_goal: 0.492  euclidean_spl: 0.272  euclidean_success: 0.700  nonstop_euclidean_spl: 0.272  nonstop_euclidean_success: 0.711  reward: 3.623
2024-06-06 15:44:08,015 update: 1750	fps: 157.374	
2024-06-06 15:44:08,016 update: 1750	env-time: 10611.579s	pth-time: 3465.567s	frames: 2240000
2024-06-06 15:44:08,016 Average window size: 50  distance_to_goal: 0.585  distance_to_goal_reward: 0.003  euclidean_distance_to_goal: 0.520  euclidean_spl: 0.265  euclidean_success: 0.680  nonstop_euclidean_spl: 0.265  nonstop_euclidean_success: 0.690  reward: 3.514
2024-06-06 15:46:45,302 update: 1775	fps: 157.878	
2024-06-06 15:46:45,302 update: 1775	env-time: 10718.059s	pth-time: 3514.735s	frames: 2272000
2024-06-06 15:46:45,303 Average window size: 50  distance_to_goal: 0.557  distance_to_goal_reward: 0.004  euclidean_distance_to_goal: 0.476  euclidean_spl: 0.274  euclidean_success: 0.719  nonstop_euclidean_spl: 0.274  nonstop_euclidean_success: 0.726  reward: 3.652
2024-06-06 15:49:19,496 update: 1800	fps: 158.404	
2024-06-06 15:49:19,497 update: 1800	env-time: 10820.985s	pth-time: 3563.886s	frames: 2304000
2024-06-06 15:49:19,497 Average window size: 50  distance_to_goal: 0.523  distance_to_goal_reward: 0.001  euclidean_distance_to_goal: 0.458  euclidean_spl: 0.285  euclidean_success: 0.719  nonstop_euclidean_spl: 0.285  nonstop_euclidean_success: 0.725  reward: 3.716
2024-06-06 15:51:58,998 update: 1825	fps: 158.862	
2024-06-06 15:51:58,999 update: 1825	env-time: 10926.971s	pth-time: 3612.728s	frames: 2336000
2024-06-06 15:51:58,999 Average window size: 50  distance_to_goal: 0.563  distance_to_goal_reward: 0.002  euclidean_distance_to_goal: 0.492  euclidean_spl: 0.272  euclidean_success: 0.685  nonstop_euclidean_spl: 0.272  nonstop_euclidean_success: 0.690  reward: 3.567
2024-06-06 15:54:40,301 update: 1850	fps: 159.291	
2024-06-06 15:54:40,302 update: 1850	env-time: 11037.899s	pth-time: 3661.770s	frames: 2368000
2024-06-06 15:54:40,302 Average window size: 50  distance_to_goal: 0.535  distance_to_goal_reward: 0.004  euclidean_distance_to_goal: 0.463  euclidean_spl: 0.276  euclidean_success: 0.691  nonstop_euclidean_spl: 0.277  nonstop_euclidean_success: 0.698  reward: 3.605
2024-06-06 15:57:22,129 update: 1875	fps: 159.705	
2024-06-06 15:57:22,130 update: 1875	env-time: 11149.449s	pth-time: 3710.745s	frames: 2400000
2024-06-06 15:57:22,130 Average window size: 50  distance_to_goal: 0.533  distance_to_goal_reward: 0.001  euclidean_distance_to_goal: 0.465  euclidean_spl: 0.300  euclidean_success: 0.697  nonstop_euclidean_spl: 0.301  nonstop_euclidean_success: 0.703  reward: 3.666
2024-06-06 16:00:10,633 update: 1900	fps: 160.040	
2024-06-06 16:00:10,634 update: 1900	env-time: 11266.625s	pth-time: 3759.598s	frames: 2432000
2024-06-06 16:00:10,634 Average window size: 50  distance_to_goal: 0.514  distance_to_goal_reward: -0.002  euclidean_distance_to_goal: 0.450  euclidean_spl: 0.327  euclidean_success: 0.724  nonstop_euclidean_spl: 0.327  nonstop_euclidean_success: 0.729  reward: 3.790
2024-06-06 16:02:49,397 update: 1925	fps: 160.469	
2024-06-06 16:02:49,398 update: 1925	env-time: 11375.331s	pth-time: 3808.287s	frames: 2464000
2024-06-06 16:02:49,399 Average window size: 50  distance_to_goal: 0.483  distance_to_goal_reward: 0.002  euclidean_distance_to_goal: 0.419  euclidean_spl: 0.323  euclidean_success: 0.750  nonstop_euclidean_spl: 0.323  nonstop_euclidean_success: 0.755  reward: 3.897
2024-06-06 16:05:22,551 update: 1950	fps: 160.948	
2024-06-06 16:05:22,552 update: 1950	env-time: 11478.336s	pth-time: 3857.088s	frames: 2496000
2024-06-06 16:05:22,552 Average window size: 50  distance_to_goal: 0.501  distance_to_goal_reward: 0.001  euclidean_distance_to_goal: 0.435  euclidean_spl: 0.306  euclidean_success: 0.751  nonstop_euclidean_spl: 0.306  nonstop_euclidean_success: 0.756  reward: 3.833
2024-06-06 16:07:54,283 update: 1975	fps: 161.432	
2024-06-06 16:07:54,284 update: 1975	env-time: 11577.030s	pth-time: 3905.587s	frames: 2528000
2024-06-06 16:07:54,284 Average window size: 50  distance_to_goal: 0.511  distance_to_goal_reward: 0.002  euclidean_distance_to_goal: 0.453  euclidean_spl: 0.316  euclidean_success: 0.752  nonstop_euclidean_spl: 0.317  nonstop_euclidean_success: 0.760  reward: 3.774
2024-06-06 16:10:25,489 update: 2000	fps: 161.912	
2024-06-06 16:10:25,489 update: 2000	env-time: 11677.314s	pth-time: 3954.408s	frames: 2560000
2024-06-06 16:10:25,490 Average window size: 50  distance_to_goal: 0.542  distance_to_goal_reward: 0.006  euclidean_distance_to_goal: 0.480  euclidean_spl: 0.315  euclidean_success: 0.731  nonstop_euclidean_spl: 0.315  nonstop_euclidean_success: 0.742  reward: 3.679
2024-06-06 16:13:08,653 update: 2025	fps: 162.261	
2024-06-06 16:13:08,654 update: 2025	env-time: 11790.009s	pth-time: 4003.283s	frames: 2592000
2024-06-06 16:13:08,654 Average window size: 50  distance_to_goal: 0.524  distance_to_goal_reward: 0.006  euclidean_distance_to_goal: 0.464  euclidean_spl: 0.326  euclidean_success: 0.735  nonstop_euclidean_spl: 0.326  nonstop_euclidean_success: 0.743  reward: 3.724
2024-06-06 16:15:42,388 update: 2050	fps: 162.699	
2024-06-06 16:15:42,388 update: 2050	env-time: 11893.986s	pth-time: 4051.708s	frames: 2624000
2024-06-06 16:15:42,389 Average window size: 50  distance_to_goal: 0.525  distance_to_goal_reward: 0.003  euclidean_distance_to_goal: 0.463  euclidean_spl: 0.338  euclidean_success: 0.734  nonstop_euclidean_spl: 0.338  nonstop_euclidean_success: 0.740  reward: 3.734
2024-06-06 16:18:16,601 update: 2075	fps: 163.123	
2024-06-06 16:18:16,602 update: 2075	env-time: 11998.359s	pth-time: 4100.209s	frames: 2656000
2024-06-06 16:18:16,602 Average window size: 50  distance_to_goal: 0.533  distance_to_goal_reward: 0.004  euclidean_distance_to_goal: 0.464  euclidean_spl: 0.338  euclidean_success: 0.723  nonstop_euclidean_spl: 0.338  nonstop_euclidean_success: 0.726  reward: 3.743
2024-06-06 16:20:52,759 update: 2100	fps: 163.520	
2024-06-06 16:20:52,760 update: 2100	env-time: 12103.811s	pth-time: 4148.838s	frames: 2688000
2024-06-06 16:20:52,760 Average window size: 50  distance_to_goal: 0.527  distance_to_goal_reward: 0.005  euclidean_distance_to_goal: 0.462  euclidean_spl: 0.341  euclidean_success: 0.727  nonstop_euclidean_spl: 0.342  nonstop_euclidean_success: 0.732  reward: 3.750
2024-06-06 16:23:32,336 update: 2125	fps: 163.876	
2024-06-06 16:23:32,336 update: 2125	env-time: 12210.117s	pth-time: 4197.475s	frames: 2720000
2024-06-06 16:23:32,337 Average window size: 50  distance_to_goal: 0.525  distance_to_goal_reward: 0.000  euclidean_distance_to_goal: 0.473  euclidean_spl: 0.340  euclidean_success: 0.719  nonstop_euclidean_spl: 0.340  nonstop_euclidean_success: 0.724  reward: 3.705
2024-06-06 16:26:08,640 update: 2150	fps: 164.257	
2024-06-06 16:26:08,640 update: 2150	env-time: 12316.393s	pth-time: 4246.211s	frames: 2752000
2024-06-06 16:26:08,641 Average window size: 50  distance_to_goal: 0.514  distance_to_goal_reward: -0.000  euclidean_distance_to_goal: 0.461  euclidean_spl: 0.345  euclidean_success: 0.721  nonstop_euclidean_spl: 0.345  nonstop_euclidean_success: 0.726  reward: 3.738
2024-06-06 16:28:56,149 update: 2175	fps: 164.522	
2024-06-06 16:28:56,150 update: 2175	env-time: 12433.936s	pth-time: 4294.872s	frames: 2784000
2024-06-06 16:28:56,151 Average window size: 50  distance_to_goal: 0.523  distance_to_goal_reward: 0.003  euclidean_distance_to_goal: 0.452  euclidean_spl: 0.351  euclidean_success: 0.706  nonstop_euclidean_spl: 0.351  nonstop_euclidean_success: 0.709  reward: 3.725
2024-06-06 16:31:38,498 update: 2200	fps: 164.832	
2024-06-06 16:31:38,499 update: 2200	env-time: 12545.401s	pth-time: 4343.644s	frames: 2816000
2024-06-06 16:31:38,500 Average window size: 50  distance_to_goal: 0.520  distance_to_goal_reward: 0.002  euclidean_distance_to_goal: 0.449  euclidean_spl: 0.337  euclidean_success: 0.698  nonstop_euclidean_spl: 0.337  nonstop_euclidean_success: 0.700  reward: 3.677
2024-06-06 16:34:22,433 update: 2225	fps: 165.121	
2024-06-06 16:34:22,434 update: 2225	env-time: 12659.156s	pth-time: 4392.538s	frames: 2848000
2024-06-06 16:34:22,434 Average window size: 50  distance_to_goal: 0.498  distance_to_goal_reward: -0.002  euclidean_distance_to_goal: 0.438  euclidean_spl: 0.344  euclidean_success: 0.716  nonstop_euclidean_spl: 0.344  nonstop_euclidean_success: 0.719  reward: 3.719
2024-06-06 16:37:07,535 update: 2250	fps: 165.393	
2024-06-06 16:37:07,535 update: 2250	env-time: 12774.160s	pth-time: 4441.323s	frames: 2880000
2024-06-06 16:37:07,536 Average window size: 50  distance_to_goal: 0.499  distance_to_goal_reward: -0.004  euclidean_distance_to_goal: 0.434  euclidean_spl: 0.377  euclidean_success: 0.735  nonstop_euclidean_spl: 0.378  nonstop_euclidean_success: 0.738  reward: 3.787
2024-06-06 16:39:58,372 update: 2275	fps: 165.606	
2024-06-06 16:39:58,373 update: 2275	env-time: 12891.293s	pth-time: 4490.179s	frames: 2912000
2024-06-06 16:39:58,373 Average window size: 50  distance_to_goal: 0.500  distance_to_goal_reward: -0.001  euclidean_distance_to_goal: 0.440  euclidean_spl: 0.376  euclidean_success: 0.728  nonstop_euclidean_spl: 0.377  nonstop_euclidean_success: 0.733  reward: 3.793
2024-06-06 16:42:39,081 update: 2300	fps: 165.909	
2024-06-06 16:42:39,082 update: 2300	env-time: 13001.243s	pth-time: 4538.840s	frames: 2944000
2024-06-06 16:42:39,082 Average window size: 50  distance_to_goal: 0.527  distance_to_goal_reward: 0.001  euclidean_distance_to_goal: 0.463  euclidean_spl: 0.364  euclidean_success: 0.727  nonstop_euclidean_spl: 0.365  nonstop_euclidean_success: 0.731  reward: 3.753
2024-06-06 16:45:34,572 update: 2325	fps: 166.070	
2024-06-06 16:45:34,573 update: 2325	env-time: 13126.544s	pth-time: 4587.668s	frames: 2976000
2024-06-06 16:45:34,573 Average window size: 50  distance_to_goal: 0.532  distance_to_goal_reward: 0.003  euclidean_distance_to_goal: 0.459  euclidean_spl: 0.378  euclidean_success: 0.726  nonstop_euclidean_spl: 0.378  nonstop_euclidean_success: 0.727  reward: 3.769
2024-06-06 16:48:25,471 update: 2350	fps: 166.270	
2024-06-06 16:48:25,472 update: 2350	env-time: 13247.497s	pth-time: 4636.273s	frames: 3008000
2024-06-06 16:48:25,473 Average window size: 50  distance_to_goal: 0.492  distance_to_goal_reward: 0.001  euclidean_distance_to_goal: 0.431  euclidean_spl: 0.386  euclidean_success: 0.732  nonstop_euclidean_spl: 0.386  nonstop_euclidean_success: 0.733  reward: 3.783
2024-06-06 16:51:15,214 update: 2375	fps: 166.477	
2024-06-06 16:51:15,215 update: 2375	env-time: 13367.511s	pth-time: 4684.697s	frames: 3040000
2024-06-06 16:51:15,215 Average window size: 50  distance_to_goal: 0.490  distance_to_goal_reward: 0.001  euclidean_distance_to_goal: 0.438  euclidean_spl: 0.390  euclidean_success: 0.730  nonstop_euclidean_spl: 0.390  nonstop_euclidean_success: 0.732  reward: 3.790
2024-06-06 16:54:09,639 update: 2400	fps: 166.638	
2024-06-06 16:54:09,640 update: 2400	env-time: 13491.241s	pth-time: 4733.313s	frames: 3072000
2024-06-06 16:54:09,640 Average window size: 50  distance_to_goal: 0.505  distance_to_goal_reward: 0.002  euclidean_distance_to_goal: 0.444  euclidean_spl: 0.409  euclidean_success: 0.706  nonstop_euclidean_spl: 0.409  nonstop_euclidean_success: 0.708  reward: 3.773
2024-06-06 16:57:01,774 update: 2425	fps: 166.816	
2024-06-06 16:57:01,776 update: 2425	env-time: 13610.394s	pth-time: 4781.703s	frames: 3104000
2024-06-06 16:57:01,776 Average window size: 50  distance_to_goal: 0.492  distance_to_goal_reward: -0.002  euclidean_distance_to_goal: 0.427  euclidean_spl: 0.418  euclidean_success: 0.729  nonstop_euclidean_spl: 0.418  nonstop_euclidean_success: 0.731  reward: 3.838
2024-06-06 16:59:50,099 update: 2450	fps: 167.025	
2024-06-06 16:59:50,100 update: 2450	env-time: 13728.792s	pth-time: 4830.275s	frames: 3136000
2024-06-06 16:59:50,100 Average window size: 50  distance_to_goal: 0.491  distance_to_goal_reward: -0.001  euclidean_distance_to_goal: 0.431  euclidean_spl: 0.409  euclidean_success: 0.752  nonstop_euclidean_spl: 0.409  nonstop_euclidean_success: 0.755  reward: 3.889
2024-06-06 17:02:44,634 update: 2475	fps: 167.175	
2024-06-06 17:02:44,635 update: 2475	env-time: 13853.513s	pth-time: 4878.785s	frames: 3168000
2024-06-06 17:02:44,635 Average window size: 50  distance_to_goal: 0.499  distance_to_goal_reward: -0.001  euclidean_distance_to_goal: 0.439  euclidean_spl: 0.404  euclidean_success: 0.748  nonstop_euclidean_spl: 0.404  nonstop_euclidean_success: 0.751  reward: 3.859
2024-06-06 17:05:35,354 update: 2500	fps: 167.356	
2024-06-06 17:05:35,354 update: 2500	env-time: 13973.861s	pth-time: 4927.181s	frames: 3200000
2024-06-06 17:05:35,355 Average window size: 50  distance_to_goal: 0.512  distance_to_goal_reward: -0.000  euclidean_distance_to_goal: 0.450  euclidean_spl: 0.399  euclidean_success: 0.740  nonstop_euclidean_spl: 0.399  nonstop_euclidean_success: 0.742  reward: 3.827
2024-06-06 17:08:29,387 update: 2525	fps: 167.505	
2024-06-06 17:08:29,387 update: 2525	env-time: 14098.016s	pth-time: 4975.478s	frames: 3232000
2024-06-06 17:08:29,388 Average window size: 50  distance_to_goal: 0.531  distance_to_goal_reward: -0.000  euclidean_distance_to_goal: 0.461  euclidean_spl: 0.387  euclidean_success: 0.725  nonstop_euclidean_spl: 0.387  nonstop_euclidean_success: 0.728  reward: 3.740
2024-06-06 17:11:21,763 update: 2550	fps: 167.666	
2024-06-06 17:11:21,763 update: 2550	env-time: 14220.331s	pth-time: 5024.229s	frames: 3264000
2024-06-06 17:11:21,764 Average window size: 50  distance_to_goal: 0.507  distance_to_goal_reward: 0.001  euclidean_distance_to_goal: 0.442  euclidean_spl: 0.389  euclidean_success: 0.732  nonstop_euclidean_spl: 0.389  nonstop_euclidean_success: 0.737  reward: 3.790
2024-06-06 17:14:11,324 update: 2575	fps: 167.847	
2024-06-06 17:14:11,325 update: 2575	env-time: 14336.478s	pth-time: 5072.865s	frames: 3296000
2024-06-06 17:14:11,325 Average window size: 50  distance_to_goal: 0.477  distance_to_goal_reward: 0.001  euclidean_distance_to_goal: 0.427  euclidean_spl: 0.393  euclidean_success: 0.731  nonstop_euclidean_spl: 0.393  nonstop_euclidean_success: 0.737  reward: 3.846
2024-06-06 17:16:49,305 update: 2600	fps: 168.124	
2024-06-06 17:16:49,306 update: 2600	env-time: 14444.036s	pth-time: 5121.171s	frames: 3328000
2024-06-06 17:16:49,306 Average window size: 50  distance_to_goal: 0.513  distance_to_goal_reward: 0.000  euclidean_distance_to_goal: 0.445  euclidean_spl: 0.373  euclidean_success: 0.698  nonstop_euclidean_spl: 0.373  nonstop_euclidean_success: 0.704  reward: 3.704
2024-06-06 17:19:40,457 update: 2625	fps: 168.286	
2024-06-06 17:19:40,458 update: 2625	env-time: 14565.242s	pth-time: 5169.775s	frames: 3360000
2024-06-06 17:19:40,458 Average window size: 50  distance_to_goal: 0.479  distance_to_goal_reward: 0.002  euclidean_distance_to_goal: 0.422  euclidean_spl: 0.391  euclidean_success: 0.717  nonstop_euclidean_spl: 0.392  nonstop_euclidean_success: 0.725  reward: 3.770
2024-06-06 17:22:33,040 update: 2650	fps: 168.433	
2024-06-06 17:22:33,041 update: 2650	env-time: 14687.892s	pth-time: 5218.415s	frames: 3392000
2024-06-06 17:22:33,041 Average window size: 50  distance_to_goal: 0.443  distance_to_goal_reward: 0.000  euclidean_distance_to_goal: 0.390  euclidean_spl: 0.420  euclidean_success: 0.745  nonstop_euclidean_spl: 0.420  nonstop_euclidean_success: 0.749  reward: 3.873
2024-06-06 17:25:26,958 update: 2675	fps: 168.566	
2024-06-06 17:25:26,959 update: 2675	env-time: 14811.761s	pth-time: 5267.129s	frames: 3424000
2024-06-06 17:25:26,959 Average window size: 50  distance_to_goal: 0.461  distance_to_goal_reward: -0.002  euclidean_distance_to_goal: 0.403  euclidean_spl: 0.428  euclidean_success: 0.743  nonstop_euclidean_spl: 0.428  nonstop_euclidean_success: 0.745  reward: 3.870
2024-06-06 17:28:20,368 update: 2700	fps: 168.701	
2024-06-06 17:28:20,369 update: 2700	env-time: 14934.114s	pth-time: 5316.036s	frames: 3456000
2024-06-06 17:28:20,369 Average window size: 50  distance_to_goal: 0.442  distance_to_goal_reward: -0.001  euclidean_distance_to_goal: 0.398  euclidean_spl: 0.426  euclidean_success: 0.745  nonstop_euclidean_spl: 0.427  nonstop_euclidean_success: 0.751  reward: 3.908
2024-06-06 17:31:09,691 update: 2725	fps: 168.867	
2024-06-06 17:31:09,692 update: 2725	env-time: 15049.958s	pth-time: 5364.963s	frames: 3488000
2024-06-06 17:31:09,693 Average window size: 50  distance_to_goal: 0.465  distance_to_goal_reward: 0.001  euclidean_distance_to_goal: 0.415  euclidean_spl: 0.406  euclidean_success: 0.710  nonstop_euclidean_spl: 0.407  nonstop_euclidean_success: 0.718  reward: 3.839
2024-06-06 17:33:52,575 update: 2750	fps: 169.083	
2024-06-06 17:33:52,575 update: 2750	env-time: 15162.989s	pth-time: 5413.487s	frames: 3520000
2024-06-06 17:33:52,576 Average window size: 50  distance_to_goal: 0.488  distance_to_goal_reward: -0.001  euclidean_distance_to_goal: 0.435  euclidean_spl: 0.381  euclidean_success: 0.687  nonstop_euclidean_spl: 0.382  nonstop_euclidean_success: 0.693  reward: 3.726
2024-06-06 17:36:44,631 update: 2775	fps: 169.222	
2024-06-06 17:36:44,632 update: 2775	env-time: 15284.690s	pth-time: 5462.236s	frames: 3552000
2024-06-06 17:36:44,633 Average window size: 50  distance_to_goal: 0.472  distance_to_goal_reward: 0.000  euclidean_distance_to_goal: 0.432  euclidean_spl: 0.383  euclidean_success: 0.712  nonstop_euclidean_spl: 0.383  nonstop_euclidean_success: 0.717  reward: 3.777
2024-06-06 17:39:38,621 update: 2800	fps: 169.343	
2024-06-06 17:39:38,621 update: 2800	env-time: 15407.805s	pth-time: 5510.893s	frames: 3584000
2024-06-06 17:39:38,622 Average window size: 50  distance_to_goal: 0.452  distance_to_goal_reward: 0.005  euclidean_distance_to_goal: 0.416  euclidean_spl: 0.389  euclidean_success: 0.732  nonstop_euclidean_spl: 0.389  nonstop_euclidean_success: 0.735  reward: 3.868
2024-06-06 17:42:36,053 update: 2825	fps: 169.434	
2024-06-06 17:42:36,054 update: 2825	env-time: 15535.061s	pth-time: 5559.749s	frames: 3616000
2024-06-06 17:42:36,054 Average window size: 50  distance_to_goal: 0.405  distance_to_goal_reward: 0.002  euclidean_distance_to_goal: 0.365  euclidean_spl: 0.410  euclidean_success: 0.770  nonstop_euclidean_spl: 0.411  nonstop_euclidean_success: 0.772  reward: 4.030
2024-06-06 17:45:29,056 update: 2850	fps: 169.559	
2024-06-06 17:45:29,056 update: 2850	env-time: 15657.773s	pth-time: 5608.708s	frames: 3648000
2024-06-06 17:45:29,057 Average window size: 50  distance_to_goal: 0.424  distance_to_goal_reward: 0.001  euclidean_distance_to_goal: 0.379  euclidean_spl: 0.411  euclidean_success: 0.750  nonstop_euclidean_spl: 0.411  nonstop_euclidean_success: 0.754  reward: 3.960
2024-06-06 17:48:24,738 update: 2875	fps: 169.661	
2024-06-06 17:48:24,739 update: 2875	env-time: 15779.982s	pth-time: 5657.571s	frames: 3680000
2024-06-06 17:48:24,739 Average window size: 50  distance_to_goal: 0.465  distance_to_goal_reward: 0.003  euclidean_distance_to_goal: 0.414  euclidean_spl: 0.396  euclidean_success: 0.710  nonstop_euclidean_spl: 0.396  nonstop_euclidean_success: 0.713  reward: 3.808
2024-06-06 17:51:20,352 update: 2900	fps: 169.762	
2024-06-06 17:51:20,352 update: 2900	env-time: 15904.574s	pth-time: 5706.444s	frames: 3712000
2024-06-06 17:51:20,353 Average window size: 50  distance_to_goal: 0.468  distance_to_goal_reward: 0.003  euclidean_distance_to_goal: 0.416  euclidean_spl: 0.381  euclidean_success: 0.707  nonstop_euclidean_spl: 0.381  nonstop_euclidean_success: 0.708  reward: 3.807
2024-06-06 17:54:15,834 update: 2925	fps: 169.862	
2024-06-06 17:54:15,835 update: 2925	env-time: 16030.002s	pth-time: 5755.176s	frames: 3744000
2024-06-06 17:54:15,835 Average window size: 50  distance_to_goal: 0.458  distance_to_goal_reward: 0.000  euclidean_distance_to_goal: 0.416  euclidean_spl: 0.374  euclidean_success: 0.703  nonstop_euclidean_spl: 0.375  nonstop_euclidean_success: 0.709  reward: 3.788
2024-06-06 17:57:04,746 update: 2950	fps: 170.011	
2024-06-06 17:57:04,747 update: 2950	env-time: 16149.074s	pth-time: 5803.700s	frames: 3776000
2024-06-06 17:57:04,748 Average window size: 50  distance_to_goal: 0.459  distance_to_goal_reward: -0.001  euclidean_distance_to_goal: 0.419  euclidean_spl: 0.377  euclidean_success: 0.710  nonstop_euclidean_spl: 0.377  nonstop_euclidean_success: 0.715  reward: 3.804
2024-06-06 17:59:56,274 update: 2975	fps: 170.138	
2024-06-06 17:59:56,275 update: 2975	env-time: 16270.760s	pth-time: 5852.187s	frames: 3808000
2024-06-06 17:59:56,275 Average window size: 50  distance_to_goal: 0.493  distance_to_goal_reward: -0.001  euclidean_distance_to_goal: 0.430  euclidean_spl: 0.367  euclidean_success: 0.709  nonstop_euclidean_spl: 0.367  nonstop_euclidean_success: 0.711  reward: 3.765
2024-06-06 18:02:43,248 update: 3000	fps: 170.297	
2024-06-06 18:02:43,249 update: 3000	env-time: 16386.718s	pth-time: 5901.011s	frames: 3840000
2024-06-06 18:02:43,249 Average window size: 50  distance_to_goal: 0.476  distance_to_goal_reward: 0.001  euclidean_distance_to_goal: 0.413  euclidean_spl: 0.369  euclidean_success: 0.717  nonstop_euclidean_spl: 0.370  nonstop_euclidean_success: 0.721  reward: 3.799
2024-06-06 18:05:43,444 update: 3025	fps: 170.355	
2024-06-06 18:05:43,445 update: 3025	env-time: 16513.398s	pth-time: 5949.745s	frames: 3872000
2024-06-06 18:05:43,445 Average window size: 50  distance_to_goal: 0.443  distance_to_goal_reward: 0.001  euclidean_distance_to_goal: 0.387  euclidean_spl: 0.376  euclidean_success: 0.740  nonstop_euclidean_spl: 0.376  nonstop_euclidean_success: 0.745  reward: 3.882
2024-06-06 18:08:36,602 update: 3050	fps: 170.464	
2024-06-06 18:08:36,603 update: 3050	env-time: 16636.526s	pth-time: 5998.482s	frames: 3904000
2024-06-06 18:08:36,603 Average window size: 50  distance_to_goal: 0.457  distance_to_goal_reward: -0.000  euclidean_distance_to_goal: 0.394  euclidean_spl: 0.380  euclidean_success: 0.743  nonstop_euclidean_spl: 0.381  nonstop_euclidean_success: 0.748  reward: 3.856
2024-06-06 18:11:34,321 update: 3075	fps: 170.538	
2024-06-06 18:11:34,322 update: 3075	env-time: 16764.405s	pth-time: 6046.976s	frames: 3936000
2024-06-06 18:11:34,322 Average window size: 50  distance_to_goal: 0.439  distance_to_goal_reward: 0.000  euclidean_distance_to_goal: 0.389  euclidean_spl: 0.384  euclidean_success: 0.743  nonstop_euclidean_spl: 0.384  nonstop_euclidean_success: 0.746  reward: 3.880
2024-06-06 18:14:30,529 update: 3100	fps: 170.622	
2024-06-06 18:14:30,530 update: 3100	env-time: 16889.658s	pth-time: 6095.781s	frames: 3968000
2024-06-06 18:14:30,530 Average window size: 50  distance_to_goal: 0.431  distance_to_goal_reward: 0.002  euclidean_distance_to_goal: 0.382  euclidean_spl: 0.381  euclidean_success: 0.746  nonstop_euclidean_spl: 0.382  nonstop_euclidean_success: 0.748  reward: 3.932
2024-06-06 18:17:22,641 update: 3125	fps: 170.734	
2024-06-06 18:17:22,642 update: 3125	env-time: 17011.875s	pth-time: 6144.340s	frames: 4000000
2024-06-06 18:17:22,642 Average window size: 50  distance_to_goal: 0.449  distance_to_goal_reward: 0.003  euclidean_distance_to_goal: 0.396  euclidean_spl: 0.380  euclidean_success: 0.744  nonstop_euclidean_spl: 0.380  nonstop_euclidean_success: 0.746  reward: 3.918
2024-06-06 18:20:11,271 update: 3150	fps: 170.870	
2024-06-06 18:20:11,271 update: 3150	env-time: 17130.558s	pth-time: 6192.981s	frames: 4032000
2024-06-06 18:20:11,272 Average window size: 50  distance_to_goal: 0.433  distance_to_goal_reward: 0.004  euclidean_distance_to_goal: 0.385  euclidean_spl: 0.386  euclidean_success: 0.754  nonstop_euclidean_spl: 0.386  nonstop_euclidean_success: 0.759  reward: 3.957
2024-06-06 18:23:01,929 update: 3175	fps: 170.990	
2024-06-06 18:23:01,931 update: 3175	env-time: 17248.246s	pth-time: 6241.365s	frames: 4064000
2024-06-06 18:23:01,931 Average window size: 50  distance_to_goal: 0.437  distance_to_goal_reward: 0.002  euclidean_distance_to_goal: 0.377  euclidean_spl: 0.385  euclidean_success: 0.766  nonstop_euclidean_spl: 0.385  nonstop_euclidean_success: 0.771  reward: 3.979
2024-06-06 18:26:06,305 update: 3200	fps: 171.010	
2024-06-06 18:26:06,306 update: 3200	env-time: 17381.832s	pth-time: 6290.066s	frames: 4096000
2024-06-06 18:26:06,306 Average window size: 50  distance_to_goal: 0.426  distance_to_goal_reward: -0.003  euclidean_distance_to_goal: 0.371  euclidean_spl: 0.392  euclidean_success: 0.761  nonstop_euclidean_spl: 0.393  nonstop_euclidean_success: 0.765  reward: 3.985
2024-06-06 18:29:09,247 update: 3225	fps: 171.039	
2024-06-06 18:29:09,248 update: 3225	env-time: 17514.651s	pth-time: 6338.831s	frames: 4128000
2024-06-06 18:29:09,248 Average window size: 50  distance_to_goal: 0.396  distance_to_goal_reward: -0.000  euclidean_distance_to_goal: 0.355  euclidean_spl: 0.409  euclidean_success: 0.764  nonstop_euclidean_spl: 0.409  nonstop_euclidean_success: 0.769  reward: 4.019
2024-06-06 18:32:17,266 update: 3250	fps: 171.033	
2024-06-06 18:32:17,267 update: 3250	env-time: 17652.866s	pth-time: 6387.336s	frames: 4160000
2024-06-06 18:32:17,267 Average window size: 50  distance_to_goal: 0.391  distance_to_goal_reward: 0.001  euclidean_distance_to_goal: 0.350  euclidean_spl: 0.426  euclidean_success: 0.783  nonstop_euclidean_spl: 0.426  nonstop_euclidean_success: 0.785  reward: 4.068
2024-06-06 18:35:18,007 update: 3275	fps: 171.077	
2024-06-06 18:35:18,008 update: 3275	env-time: 17783.332s	pth-time: 6436.026s	frames: 4192000
2024-06-06 18:35:18,008 Average window size: 50  distance_to_goal: 0.381  distance_to_goal_reward: 0.000  euclidean_distance_to_goal: 0.339  euclidean_spl: 0.435  euclidean_success: 0.796  nonstop_euclidean_spl: 0.435  nonstop_euclidean_success: 0.799  reward: 4.126
2024-06-06 18:38:15,699 update: 3300	fps: 171.142	
2024-06-06 18:38:15,700 update: 3300	env-time: 17910.132s	pth-time: 6484.828s	frames: 4224000
2024-06-06 18:38:15,700 Average window size: 50  distance_to_goal: 0.407  distance_to_goal_reward: -0.001  euclidean_distance_to_goal: 0.363  euclidean_spl: 0.417  euclidean_success: 0.775  nonstop_euclidean_spl: 0.418  nonstop_euclidean_success: 0.778  reward: 4.023
2024-06-06 18:41:23,173 update: 3325	fps: 171.139	
2024-06-06 18:41:23,173 update: 3325	env-time: 18044.285s	pth-time: 6533.534s	frames: 4256000
2024-06-06 18:41:23,174 Average window size: 50  distance_to_goal: 0.394  distance_to_goal_reward: -0.002  euclidean_distance_to_goal: 0.369  euclidean_spl: 0.414  euclidean_success: 0.758  nonstop_euclidean_spl: 0.414  nonstop_euclidean_success: 0.762  reward: 3.993
2024-06-06 18:44:22,033 update: 3350	fps: 171.194	
2024-06-06 18:44:22,034 update: 3350	env-time: 18173.110s	pth-time: 6582.240s	frames: 4288000
2024-06-06 18:44:22,034 Average window size: 50  distance_to_goal: 0.413  distance_to_goal_reward: 0.002  euclidean_distance_to_goal: 0.374  euclidean_spl: 0.413  euclidean_success: 0.753  nonstop_euclidean_spl: 0.414  nonstop_euclidean_success: 0.757  reward: 3.983
2024-06-06 18:47:15,234 update: 3375	fps: 171.287	
2024-06-06 18:47:15,235 update: 3375	env-time: 18296.410s	pth-time: 6630.799s	frames: 4320000
2024-06-06 18:47:15,235 Average window size: 50  distance_to_goal: 0.423  distance_to_goal_reward: 0.003  euclidean_distance_to_goal: 0.381  euclidean_spl: 0.416  euclidean_success: 0.780  nonstop_euclidean_spl: 0.416  nonstop_euclidean_success: 0.782  reward: 4.023
2024-06-06 18:50:21,659 update: 3400	fps: 171.290	
2024-06-06 18:50:21,660 update: 3400	env-time: 18431.975s	pth-time: 6679.539s	frames: 4352000
2024-06-06 18:50:21,661 Average window size: 50  distance_to_goal: 0.391  distance_to_goal_reward: 0.002  euclidean_distance_to_goal: 0.353  euclidean_spl: 0.434  euclidean_success: 0.807  nonstop_euclidean_spl: 0.434  nonstop_euclidean_success: 0.810  reward: 4.119
2024-06-06 18:53:17,305 update: 3425	fps: 171.365	
2024-06-06 18:53:17,306 update: 3425	env-time: 18557.879s	pth-time: 6727.984s	frames: 4384000
2024-06-06 18:53:17,306 Average window size: 50  distance_to_goal: 0.399  distance_to_goal_reward: 0.002  euclidean_distance_to_goal: 0.349  euclidean_spl: 0.419  euclidean_success: 0.783  nonstop_euclidean_spl: 0.420  nonstop_euclidean_success: 0.787  reward: 4.081
2024-06-06 18:56:15,780 update: 3450	fps: 171.420	
2024-06-06 18:56:15,780 update: 3450	env-time: 18686.244s	pth-time: 6776.684s	frames: 4416000
2024-06-06 18:56:15,781 Average window size: 50  distance_to_goal: 0.421  distance_to_goal_reward: 0.002  euclidean_distance_to_goal: 0.374  euclidean_spl: 0.397  euclidean_success: 0.751  nonstop_euclidean_spl: 0.398  nonstop_euclidean_success: 0.754  reward: 3.978
2024-06-06 18:59:16,485 update: 3475	fps: 171.459	
2024-06-06 18:59:16,486 update: 3475	env-time: 18813.499s	pth-time: 6825.325s	frames: 4448000
2024-06-06 18:59:16,486 Average window size: 50  distance_to_goal: 0.425  distance_to_goal_reward: -0.000  euclidean_distance_to_goal: 0.381  euclidean_spl: 0.395  euclidean_success: 0.758  nonstop_euclidean_spl: 0.395  nonstop_euclidean_success: 0.759  reward: 3.954
2024-06-06 19:02:23,657 update: 3500	fps: 171.456	
2024-06-06 19:02:23,658 update: 3500	env-time: 18949.998s	pth-time: 6873.910s	frames: 4480000
2024-06-06 19:02:23,659 Average window size: 50  distance_to_goal: 0.419  distance_to_goal_reward: -0.001  euclidean_distance_to_goal: 0.364  euclidean_spl: 0.421  euclidean_success: 0.784  nonstop_euclidean_spl: 0.421  nonstop_euclidean_success: 0.784  reward: 4.044
2024-06-06 19:05:17,496 update: 3525	fps: 171.539	
2024-06-06 19:05:17,496 update: 3525	env-time: 19073.658s	pth-time: 6922.501s	frames: 4512000
2024-06-06 19:05:17,497 Average window size: 50  distance_to_goal: 0.428  distance_to_goal_reward: 0.001  euclidean_distance_to_goal: 0.373  euclidean_spl: 0.417  euclidean_success: 0.766  nonstop_euclidean_spl: 0.417  nonstop_euclidean_success: 0.767  reward: 4.014
2024-06-06 19:08:21,987 update: 3550	fps: 171.552	
2024-06-06 19:08:21,987 update: 3550	env-time: 19208.317s	pth-time: 6971.068s	frames: 4544000
2024-06-06 19:08:21,988 Average window size: 50  distance_to_goal: 0.411  distance_to_goal_reward: 0.002  euclidean_distance_to_goal: 0.367  euclidean_spl: 0.416  euclidean_success: 0.759  nonstop_euclidean_spl: 0.416  nonstop_euclidean_success: 0.762  reward: 4.014
2024-06-06 19:11:25,589 update: 3575	fps: 171.571	
2024-06-06 19:11:25,590 update: 3575	env-time: 19342.208s	pth-time: 7019.440s	frames: 4576000
2024-06-06 19:11:25,590 Average window size: 50  distance_to_goal: 0.394  distance_to_goal_reward: 0.003  euclidean_distance_to_goal: 0.353  euclidean_spl: 0.432  euclidean_success: 0.764  nonstop_euclidean_spl: 0.432  nonstop_euclidean_success: 0.769  reward: 4.052
2024-06-06 19:14:31,027 update: 3600	fps: 171.578	
2024-06-06 19:14:31,028 update: 3600	env-time: 19477.026s	pth-time: 7067.989s	frames: 4608000
2024-06-06 19:14:31,028 Average window size: 50  distance_to_goal: 0.408  distance_to_goal_reward: 0.001  euclidean_distance_to_goal: 0.367  euclidean_spl: 0.432  euclidean_success: 0.756  nonstop_euclidean_spl: 0.432  nonstop_euclidean_success: 0.761  reward: 4.005
2024-06-06 19:17:29,094 update: 3625	fps: 171.632	
2024-06-06 19:17:29,095 update: 3625	env-time: 19602.297s	pth-time: 7116.487s	frames: 4640000
2024-06-06 19:17:29,095 Average window size: 50  distance_to_goal: 0.434  distance_to_goal_reward: -0.001  euclidean_distance_to_goal: 0.387  euclidean_spl: 0.426  euclidean_success: 0.750  nonstop_euclidean_spl: 0.427  nonstop_euclidean_success: 0.751  reward: 3.939
2024-06-06 19:20:31,868 update: 3650	fps: 171.655	
2024-06-06 19:20:31,868 update: 3650	env-time: 19735.313s	pth-time: 7164.937s	frames: 4672000
2024-06-06 19:20:31,869 Average window size: 50  distance_to_goal: 0.417  distance_to_goal_reward: 0.001  euclidean_distance_to_goal: 0.371  euclidean_spl: 0.425  euclidean_success: 0.776  nonstop_euclidean_spl: 0.425  nonstop_euclidean_success: 0.779  reward: 4.012
2024-06-06 19:23:25,681 update: 3675	fps: 171.734	
2024-06-06 19:23:25,682 update: 3675	env-time: 19859.430s	pth-time: 7213.340s	frames: 4704000
2024-06-06 19:23:25,682 Average window size: 50  distance_to_goal: 0.406  distance_to_goal_reward: 0.001  euclidean_distance_to_goal: 0.363  euclidean_spl: 0.419  euclidean_success: 0.781  nonstop_euclidean_spl: 0.420  nonstop_euclidean_success: 0.784  reward: 4.036
2024-06-06 19:26:20,200 update: 3700	fps: 171.807	
2024-06-06 19:26:20,201 update: 3700	env-time: 19983.574s	pth-time: 7261.652s	frames: 4736000
2024-06-06 19:26:20,201 Average window size: 50  distance_to_goal: 0.404  distance_to_goal_reward: -0.000  euclidean_distance_to_goal: 0.362  euclidean_spl: 0.408  euclidean_success: 0.770  nonstop_euclidean_spl: 0.409  nonstop_euclidean_success: 0.777  reward: 3.987
2024-06-06 19:29:25,836 update: 3725	fps: 171.811	
2024-06-06 19:29:25,838 update: 3725	env-time: 20119.485s	pth-time: 7310.066s	frames: 4768000
2024-06-06 19:29:25,838 Average window size: 50  distance_to_goal: 0.385  distance_to_goal_reward: 0.002  euclidean_distance_to_goal: 0.342  euclidean_spl: 0.429  euclidean_success: 0.781  nonstop_euclidean_spl: 0.429  nonstop_euclidean_success: 0.789  reward: 4.068
2024-06-06 19:32:36,006 update: 3750	fps: 171.787	
2024-06-06 19:32:36,007 update: 3750	env-time: 20259.580s	pth-time: 7358.805s	frames: 4800000
2024-06-06 19:32:36,008 Average window size: 50  distance_to_goal: 0.396  distance_to_goal_reward: 0.003  euclidean_distance_to_goal: 0.354  euclidean_spl: 0.436  euclidean_success: 0.781  nonstop_euclidean_spl: 0.437  nonstop_euclidean_success: 0.784  reward: 4.065
2024-06-06 19:35:44,745 update: 3775	fps: 171.772	
2024-06-06 19:35:44,746 update: 3775	env-time: 20394.607s	pth-time: 7407.384s	frames: 4832000
2024-06-06 19:35:44,746 Average window size: 50  distance_to_goal: 0.400  distance_to_goal_reward: 0.000  euclidean_distance_to_goal: 0.365  euclidean_spl: 0.429  euclidean_success: 0.780  nonstop_euclidean_spl: 0.429  nonstop_euclidean_success: 0.783  reward: 4.069
2024-06-06 19:38:52,670 update: 3800	fps: 171.762	
2024-06-06 19:38:52,671 update: 3800	env-time: 20531.462s	pth-time: 7456.291s	frames: 4864000
2024-06-06 19:38:52,671 Average window size: 50  distance_to_goal: 0.386  distance_to_goal_reward: -0.000  euclidean_distance_to_goal: 0.354  euclidean_spl: 0.432  euclidean_success: 0.789  nonstop_euclidean_spl: 0.432  nonstop_euclidean_success: 0.793  reward: 4.126
2024-06-06 19:42:01,124 update: 3825	fps: 171.749	
2024-06-06 19:42:01,125 update: 3825	env-time: 20669.990s	pth-time: 7504.900s	frames: 4896000
2024-06-06 19:42:01,125 Average window size: 50  distance_to_goal: 0.370  distance_to_goal_reward: 0.001  euclidean_distance_to_goal: 0.334  euclidean_spl: 0.439  euclidean_success: 0.803  nonstop_euclidean_spl: 0.439  nonstop_euclidean_success: 0.808  reward: 4.157
2024-06-06 19:45:03,491 update: 3850	fps: 171.773	
2024-06-06 19:45:03,493 update: 3850	env-time: 20802.328s	pth-time: 7553.586s	frames: 4928000
2024-06-06 19:45:03,494 Average window size: 50  distance_to_goal: 0.388  distance_to_goal_reward: 0.001  euclidean_distance_to_goal: 0.340  euclidean_spl: 0.430  euclidean_success: 0.782  nonstop_euclidean_spl: 0.430  nonstop_euclidean_success: 0.787  reward: 4.066
2024-06-06 19:48:06,769 update: 3875	fps: 171.791	
2024-06-06 19:48:06,770 update: 3875	env-time: 20935.556s	pth-time: 7602.276s	frames: 4960000
2024-06-06 19:48:06,770 Average window size: 50  distance_to_goal: 0.398  distance_to_goal_reward: 0.002  euclidean_distance_to_goal: 0.356  euclidean_spl: 0.431  euclidean_success: 0.786  nonstop_euclidean_spl: 0.432  nonstop_euclidean_success: 0.790  reward: 4.085
2024-06-06 19:51:13,882 update: 3900	fps: 171.786	
2024-06-06 19:51:13,883 update: 3900	env-time: 21071.859s	pth-time: 7651.000s	frames: 4992000
2024-06-06 19:51:13,883 Average window size: 50  distance_to_goal: 0.395  distance_to_goal_reward: 0.002  euclidean_distance_to_goal: 0.351  euclidean_spl: 0.436  euclidean_success: 0.786  nonstop_euclidean_spl: 0.436  nonstop_euclidean_success: 0.787  reward: 4.076
2024-06-06 19:54:15,574 update: 3925	fps: 171.813	
2024-06-06 19:54:15,575 update: 3925	env-time: 21200.022s	pth-time: 7699.701s	frames: 5024000
2024-06-06 19:54:15,575 Average window size: 50  distance_to_goal: 0.405  distance_to_goal_reward: 0.001  euclidean_distance_to_goal: 0.345  euclidean_spl: 0.428  euclidean_success: 0.781  nonstop_euclidean_spl: 0.429  nonstop_euclidean_success: 0.784  reward: 4.072
2024-06-06 19:57:19,631 update: 3950	fps: 171.826	
2024-06-06 19:57:19,631 update: 3950	env-time: 21334.083s	pth-time: 7748.356s	frames: 5056000
2024-06-06 19:57:19,632 Average window size: 50  distance_to_goal: 0.389  distance_to_goal_reward: 0.002  euclidean_distance_to_goal: 0.339  euclidean_spl: 0.436  euclidean_success: 0.809  nonstop_euclidean_spl: 0.436  nonstop_euclidean_success: 0.811  reward: 4.172
2024-06-06 20:00:14,644 update: 3975	fps: 171.891	
2024-06-06 20:00:14,645 update: 3975	env-time: 21459.326s	pth-time: 7796.783s	frames: 5088000
2024-06-06 20:00:14,646 Average window size: 50  distance_to_goal: 0.373  distance_to_goal_reward: 0.003  euclidean_distance_to_goal: 0.341  euclidean_spl: 0.432  euclidean_success: 0.811  nonstop_euclidean_spl: 0.432  nonstop_euclidean_success: 0.811  reward: 4.185
2024-06-06 20:03:19,047 update: 4000	fps: 171.901	
2024-06-06 20:03:19,048 update: 4000	env-time: 21592.966s	pth-time: 7845.419s	frames: 5120000
2024-06-06 20:03:19,049 Average window size: 50  distance_to_goal: 0.370  distance_to_goal_reward: 0.001  euclidean_distance_to_goal: 0.342  euclidean_spl: 0.424  euclidean_success: 0.802  nonstop_euclidean_spl: 0.424  nonstop_euclidean_success: 0.804  reward: 4.165
2024-06-06 20:06:28,338 update: 4025	fps: 171.883	
2024-06-06 20:06:28,338 update: 4025	env-time: 21731.918s	pth-time: 7894.142s	frames: 5152000
2024-06-06 20:06:28,339 Average window size: 50  distance_to_goal: 0.366  distance_to_goal_reward: 0.001  euclidean_distance_to_goal: 0.331  euclidean_spl: 0.438  euclidean_success: 0.800  nonstop_euclidean_spl: 0.439  nonstop_euclidean_success: 0.804  reward: 4.155
2024-06-06 20:09:30,449 update: 4050	fps: 171.906	
2024-06-06 20:09:30,449 update: 4050	env-time: 21864.320s	pth-time: 7942.511s	frames: 5184000
2024-06-06 20:09:30,450 Average window size: 50  distance_to_goal: 0.372  distance_to_goal_reward: 0.003  euclidean_distance_to_goal: 0.330  euclidean_spl: 0.439  euclidean_success: 0.799  nonstop_euclidean_spl: 0.440  nonstop_euclidean_success: 0.807  reward: 4.107
2024-06-06 20:12:36,831 update: 4075	fps: 171.905	
2024-06-06 20:12:36,832 update: 4075	env-time: 21997.426s	pth-time: 7990.906s	frames: 5216000
2024-06-06 20:12:36,832 Average window size: 50  distance_to_goal: 0.380  distance_to_goal_reward: 0.002  euclidean_distance_to_goal: 0.341  euclidean_spl: 0.436  euclidean_success: 0.799  nonstop_euclidean_spl: 0.436  nonstop_euclidean_success: 0.806  reward: 4.099
2024-06-06 20:15:35,152 update: 4100	fps: 171.949	
2024-06-06 20:15:35,152 update: 4100	env-time: 22125.390s	pth-time: 8039.189s	frames: 5248000
2024-06-06 20:15:35,153 Average window size: 50  distance_to_goal: 0.366  distance_to_goal_reward: 0.001  euclidean_distance_to_goal: 0.336  euclidean_spl: 0.450  euclidean_success: 0.808  nonstop_euclidean_spl: 0.450  nonstop_euclidean_success: 0.812  reward: 4.186
2024-06-06 20:18:39,812 update: 4125	fps: 171.957	
2024-06-06 20:18:39,813 update: 4125	env-time: 22260.355s	pth-time: 8087.583s	frames: 5280000
2024-06-06 20:18:39,813 Average window size: 50  distance_to_goal: 0.381  distance_to_goal_reward: 0.002  euclidean_distance_to_goal: 0.338  euclidean_spl: 0.481  euclidean_success: 0.823  nonstop_euclidean_spl: 0.481  nonstop_euclidean_success: 0.829  reward: 4.224
2024-06-06 20:21:35,148 update: 4150	fps: 172.017	
2024-06-06 20:21:35,148 update: 4150	env-time: 22386.100s	pth-time: 8135.852s	frames: 5312000
2024-06-06 20:21:35,149 Average window size: 50  distance_to_goal: 0.400  distance_to_goal_reward: 0.003  euclidean_distance_to_goal: 0.351  euclidean_spl: 0.475  euclidean_success: 0.815  nonstop_euclidean_spl: 0.475  nonstop_euclidean_success: 0.822  reward: 4.143
2024-06-06 20:24:39,783 update: 4175	fps: 172.024	
2024-06-06 20:24:39,784 update: 4175	env-time: 22520.993s	pth-time: 8184.268s	frames: 5344000
2024-06-06 20:24:39,784 Average window size: 50  distance_to_goal: 0.403  distance_to_goal_reward: 0.004  euclidean_distance_to_goal: 0.355  euclidean_spl: 0.454  euclidean_success: 0.800  nonstop_euclidean_spl: 0.454  nonstop_euclidean_success: 0.803  reward: 4.055
2024-06-06 20:27:43,927 update: 4200	fps: 172.035	
2024-06-06 20:27:43,928 update: 4200	env-time: 22654.497s	pth-time: 8232.784s	frames: 5376000
2024-06-06 20:27:43,928 Average window size: 50  distance_to_goal: 0.400  distance_to_goal_reward: 0.003  euclidean_distance_to_goal: 0.351  euclidean_spl: 0.448  euclidean_success: 0.786  nonstop_euclidean_spl: 0.448  nonstop_euclidean_success: 0.787  reward: 4.047
2024-06-06 20:30:53,927 update: 4225	fps: 172.013	
2024-06-06 20:30:53,927 update: 4225	env-time: 22791.376s	pth-time: 8281.266s	frames: 5408000
2024-06-06 20:30:53,928 Average window size: 50  distance_to_goal: 0.394  distance_to_goal_reward: 0.002  euclidean_distance_to_goal: 0.346  euclidean_spl: 0.456  euclidean_success: 0.799  nonstop_euclidean_spl: 0.456  nonstop_euclidean_success: 0.802  reward: 4.133
2024-06-06 20:34:04,018 update: 4250	fps: 171.991	
2024-06-06 20:34:04,019 update: 4250	env-time: 22931.846s	pth-time: 8329.578s	frames: 5440000
2024-06-06 20:34:04,020 Average window size: 50  distance_to_goal: 0.378  distance_to_goal_reward: 0.002  euclidean_distance_to_goal: 0.331  euclidean_spl: 0.461  euclidean_success: 0.812  nonstop_euclidean_spl: 0.461  nonstop_euclidean_success: 0.816  reward: 4.213
2024-06-06 20:37:14,476 update: 4275	fps: 171.967	
2024-06-06 20:37:14,477 update: 4275	env-time: 23072.263s	pth-time: 8377.983s	frames: 5472000
2024-06-06 20:37:14,478 Average window size: 50  distance_to_goal: 0.373  distance_to_goal_reward: 0.002  euclidean_distance_to_goal: 0.331  euclidean_spl: 0.444  euclidean_success: 0.797  nonstop_euclidean_spl: 0.445  nonstop_euclidean_success: 0.801  reward: 4.165
2024-06-06 20:40:20,547 update: 4300	fps: 171.967	
2024-06-06 20:40:20,548 update: 4300	env-time: 23207.738s	pth-time: 8426.480s	frames: 5504000
2024-06-06 20:40:20,548 Average window size: 50  distance_to_goal: 0.374  distance_to_goal_reward: 0.001  euclidean_distance_to_goal: 0.343  euclidean_spl: 0.448  euclidean_success: 0.798  nonstop_euclidean_spl: 0.448  nonstop_euclidean_success: 0.800  reward: 4.127
2024-06-06 20:43:23,585 update: 4325	fps: 171.983	
2024-06-06 20:43:23,586 update: 4325	env-time: 23341.305s	pth-time: 8474.632s	frames: 5536000
2024-06-06 20:43:23,586 Average window size: 50  distance_to_goal: 0.361  distance_to_goal_reward: 0.001  euclidean_distance_to_goal: 0.334  euclidean_spl: 0.456  euclidean_success: 0.815  nonstop_euclidean_spl: 0.456  nonstop_euclidean_success: 0.818  reward: 4.165
2024-06-06 20:46:31,454 update: 4350	fps: 171.974	
2024-06-06 20:46:31,455 update: 4350	env-time: 23479.273s	pth-time: 8523.195s	frames: 5568000
2024-06-06 20:46:31,456 Average window size: 50  distance_to_goal: 0.338  distance_to_goal_reward: 0.000  euclidean_distance_to_goal: 0.315  euclidean_spl: 0.463  euclidean_success: 0.831  nonstop_euclidean_spl: 0.464  nonstop_euclidean_success: 0.834  reward: 4.259
2024-06-06 20:49:43,798 update: 4375	fps: 171.941	
2024-06-06 20:49:43,799 update: 4375	env-time: 23618.799s	pth-time: 8571.502s	frames: 5600000
2024-06-06 20:49:43,799 Average window size: 50  distance_to_goal: 0.364  distance_to_goal_reward: -0.000  euclidean_distance_to_goal: 0.326  euclidean_spl: 0.463  euclidean_success: 0.814  nonstop_euclidean_spl: 0.463  nonstop_euclidean_success: 0.817  reward: 4.244
2024-06-06 20:52:43,634 update: 4400	fps: 171.974	
2024-06-06 20:52:43,635 update: 4400	env-time: 23748.285s	pth-time: 8619.742s	frames: 5632000
2024-06-06 20:52:43,635 Average window size: 50  distance_to_goal: 0.392  distance_to_goal_reward: 0.000  euclidean_distance_to_goal: 0.350  euclidean_spl: 0.444  euclidean_success: 0.791  nonstop_euclidean_spl: 0.444  nonstop_euclidean_success: 0.794  reward: 4.104
2024-06-06 20:55:44,951 update: 4425	fps: 171.999	
2024-06-06 20:55:44,951 update: 4425	env-time: 23879.990s	pth-time: 8668.054s	frames: 5664000
2024-06-06 20:55:44,952 Average window size: 50  distance_to_goal: 0.382  distance_to_goal_reward: 0.001  euclidean_distance_to_goal: 0.344  euclidean_spl: 0.442  euclidean_success: 0.805  nonstop_euclidean_spl: 0.442  nonstop_euclidean_success: 0.808  reward: 4.097
2024-06-06 20:58:50,418 update: 4450	fps: 172.002	
2024-06-06 20:58:50,419 update: 4450	env-time: 24015.609s	pth-time: 8716.625s	frames: 5696000
2024-06-06 20:58:50,419 Average window size: 50  distance_to_goal: 0.363  distance_to_goal_reward: 0.001  euclidean_distance_to_goal: 0.333  euclidean_spl: 0.458  euclidean_success: 0.819  nonstop_euclidean_spl: 0.458  nonstop_euclidean_success: 0.822  reward: 4.190
2024-06-06 21:01:59,097 update: 4475	fps: 171.988	
2024-06-06 21:01:59,097 update: 4475	env-time: 24154.662s	pth-time: 8764.904s	frames: 5728000
2024-06-06 21:01:59,098 Average window size: 50  distance_to_goal: 0.344  distance_to_goal_reward: -0.000  euclidean_distance_to_goal: 0.320  euclidean_spl: 0.482  euclidean_success: 0.828  nonstop_euclidean_spl: 0.482  nonstop_euclidean_success: 0.831  reward: 4.269
2024-06-06 21:05:09,131 update: 4500	fps: 171.968	
2024-06-06 21:05:09,132 update: 4500	env-time: 24294.259s	pth-time: 8813.245s	frames: 5760000
2024-06-06 21:05:09,132 Average window size: 50  distance_to_goal: 0.346  distance_to_goal_reward: -0.001  euclidean_distance_to_goal: 0.310  euclidean_spl: 0.480  euclidean_success: 0.836  nonstop_euclidean_spl: 0.480  nonstop_euclidean_success: 0.839  reward: 4.295
2024-06-06 21:08:17,884 update: 4525	fps: 171.954	
2024-06-06 21:08:17,885 update: 4525	env-time: 24430.013s	pth-time: 8861.398s	frames: 5792000
2024-06-06 21:08:17,886 Average window size: 50  distance_to_goal: 0.354  distance_to_goal_reward: -0.001  euclidean_distance_to_goal: 0.306  euclidean_spl: 0.464  euclidean_success: 0.845  nonstop_euclidean_spl: 0.464  nonstop_euclidean_success: 0.848  reward: 4.267
2024-06-06 21:11:21,883 update: 4550	fps: 171.965	
2024-06-06 21:11:21,884 update: 4550	env-time: 24564.382s	pth-time: 8909.671s	frames: 5824000
2024-06-06 21:11:21,884 Average window size: 50  distance_to_goal: 0.363  distance_to_goal_reward: -0.000  euclidean_distance_to_goal: 0.322  euclidean_spl: 0.458  euclidean_success: 0.828  nonstop_euclidean_spl: 0.458  nonstop_euclidean_success: 0.834  reward: 4.211
2024-06-06 21:14:19,918 update: 4575	fps: 172.005	
2024-06-06 21:14:19,919 update: 4575	env-time: 24692.689s	pth-time: 8958.105s	frames: 5856000
2024-06-06 21:14:19,919 Average window size: 50  distance_to_goal: 0.383  distance_to_goal_reward: 0.001  euclidean_distance_to_goal: 0.357  euclidean_spl: 0.447  euclidean_success: 0.800  nonstop_euclidean_spl: 0.447  nonstop_euclidean_success: 0.804  reward: 4.136
2024-06-06 21:17:28,724 update: 4600	fps: 171.991	
2024-06-06 21:17:28,724 update: 4600	env-time: 24830.792s	pth-time: 9006.723s	frames: 5888000
2024-06-06 21:17:28,725 Average window size: 50  distance_to_goal: 0.389  distance_to_goal_reward: 0.002  euclidean_distance_to_goal: 0.355  euclidean_spl: 0.449  euclidean_success: 0.800  nonstop_euclidean_spl: 0.449  nonstop_euclidean_success: 0.801  reward: 4.126
2024-06-06 21:20:35,987 update: 4625	fps: 171.985	
2024-06-06 21:20:35,988 update: 4625	env-time: 24968.339s	pth-time: 9055.144s	frames: 5920000
2024-06-06 21:20:35,988 Average window size: 50  distance_to_goal: 0.376  distance_to_goal_reward: -0.001  euclidean_distance_to_goal: 0.335  euclidean_spl: 0.455  euclidean_success: 0.805  nonstop_euclidean_spl: 0.455  nonstop_euclidean_success: 0.807  reward: 4.147
2024-06-06 21:23:49,053 update: 4650	fps: 171.950	
2024-06-06 21:23:49,054 update: 4650	env-time: 25111.538s	pth-time: 9103.695s	frames: 5952000
2024-06-06 21:23:49,054 Average window size: 50  distance_to_goal: 0.363  distance_to_goal_reward: -0.002  euclidean_distance_to_goal: 0.323  euclidean_spl: 0.461  euclidean_success: 0.818  nonstop_euclidean_spl: 0.461  nonstop_euclidean_success: 0.820  reward: 4.201
2024-06-06 21:27:02,126 update: 4675	fps: 171.916	
2024-06-06 21:27:02,128 update: 4675	env-time: 25251.548s	pth-time: 9152.119s	frames: 5984000
2024-06-06 21:27:02,129 Average window size: 50  distance_to_goal: 0.371  distance_to_goal_reward: -0.000  euclidean_distance_to_goal: 0.329  euclidean_spl: 0.462  euclidean_success: 0.811  nonstop_euclidean_spl: 0.462  nonstop_euclidean_success: 0.813  reward: 4.202
2024-06-06 21:30:09,891 update: 4700	fps: 171.908	
2024-06-06 21:30:09,892 update: 4700	env-time: 25388.648s	pth-time: 9200.678s	frames: 6016000
2024-06-06 21:30:09,892 Average window size: 50  distance_to_goal: 0.373  distance_to_goal_reward: -0.001  euclidean_distance_to_goal: 0.332  euclidean_spl: 0.457  euclidean_success: 0.804  nonstop_euclidean_spl: 0.457  nonstop_euclidean_success: 0.808  reward: 4.150
2024-06-06 21:33:10,821 update: 4725	fps: 171.934	
2024-06-06 21:33:10,822 update: 4725	env-time: 25520.080s	pth-time: 9248.893s	frames: 6048000
2024-06-06 21:33:10,822 Average window size: 50  distance_to_goal: 0.377  distance_to_goal_reward: -0.000  euclidean_distance_to_goal: 0.340  euclidean_spl: 0.441  euclidean_success: 0.801  nonstop_euclidean_spl: 0.441  nonstop_euclidean_success: 0.805  reward: 4.105
2024-06-06 21:36:16,726 update: 4750	fps: 171.935	
2024-06-06 21:36:16,727 update: 4750	env-time: 25656.333s	pth-time: 9297.178s	frames: 6080000
2024-06-06 21:36:16,727 Average window size: 50  distance_to_goal: 0.365  distance_to_goal_reward: -0.000  euclidean_distance_to_goal: 0.333  euclidean_spl: 0.451  euclidean_success: 0.815  nonstop_euclidean_spl: 0.451  nonstop_euclidean_success: 0.817  reward: 4.196
2024-06-06 21:39:20,398 update: 4775	fps: 171.946	
2024-06-06 21:39:20,399 update: 4775	env-time: 25790.071s	pth-time: 9345.518s	frames: 6112000
2024-06-06 21:39:20,400 Average window size: 50  distance_to_goal: 0.352  distance_to_goal_reward: 0.000  euclidean_distance_to_goal: 0.326  euclidean_spl: 0.459  euclidean_success: 0.827  nonstop_euclidean_spl: 0.459  nonstop_euclidean_success: 0.829  reward: 4.285
2024-06-06 21:42:31,394 update: 4800	fps: 171.923	
2024-06-06 21:42:31,395 update: 4800	env-time: 25930.568s	pth-time: 9393.859s	frames: 6144000
2024-06-06 21:42:31,396 Average window size: 50  distance_to_goal: 0.361  distance_to_goal_reward: 0.001  euclidean_distance_to_goal: 0.327  euclidean_spl: 0.455  euclidean_success: 0.823  nonstop_euclidean_spl: 0.456  nonstop_euclidean_success: 0.827  reward: 4.228
2024-06-06 21:45:46,551 update: 4825	fps: 171.880	
2024-06-06 21:45:46,552 update: 4825	env-time: 26072.613s	pth-time: 9442.293s	frames: 6176000
2024-06-06 21:45:46,552 Average window size: 50  distance_to_goal: 0.352  distance_to_goal_reward: 0.001  euclidean_distance_to_goal: 0.314  euclidean_spl: 0.454  euclidean_success: 0.829  nonstop_euclidean_spl: 0.455  nonstop_euclidean_success: 0.834  reward: 4.207
2024-06-06 21:48:59,611 update: 4850	fps: 171.847	
2024-06-06 21:48:59,612 update: 4850	env-time: 26216.205s	pth-time: 9490.453s	frames: 6208000
2024-06-06 21:48:59,612 Average window size: 50  distance_to_goal: 0.346  distance_to_goal_reward: -0.001  euclidean_distance_to_goal: 0.310  euclidean_spl: 0.461  euclidean_success: 0.831  nonstop_euclidean_spl: 0.461  nonstop_euclidean_success: 0.834  reward: 4.233
2024-06-06 21:52:06,688 update: 4875	fps: 171.843	
2024-06-06 21:52:06,689 update: 4875	env-time: 26353.646s	pth-time: 9538.803s	frames: 6240000
2024-06-06 21:52:06,689 Average window size: 50  distance_to_goal: 0.362  distance_to_goal_reward: -0.000  euclidean_distance_to_goal: 0.324  euclidean_spl: 0.461  euclidean_success: 0.819  nonstop_euclidean_spl: 0.461  nonstop_euclidean_success: 0.820  reward: 4.195
2024-06-06 21:55:18,056 update: 4900	fps: 171.819	
2024-06-06 21:55:18,057 update: 4900	env-time: 26494.680s	pth-time: 9586.997s	frames: 6272000
2024-06-06 21:55:18,057 Average window size: 50  distance_to_goal: 0.381  distance_to_goal_reward: 0.001  euclidean_distance_to_goal: 0.333  euclidean_spl: 0.457  euclidean_success: 0.811  nonstop_euclidean_spl: 0.457  nonstop_euclidean_success: 0.813  reward: 4.171
2024-06-06 21:58:29,519 update: 4925	fps: 171.794	
2024-06-06 21:58:29,520 update: 4925	env-time: 26636.485s	pth-time: 9635.347s	frames: 6304000
2024-06-06 21:58:29,520 Average window size: 50  distance_to_goal: 0.360  distance_to_goal_reward: 0.001  euclidean_distance_to_goal: 0.314  euclidean_spl: 0.461  euclidean_success: 0.821  nonstop_euclidean_spl: 0.462  nonstop_euclidean_success: 0.824  reward: 4.248
2024-06-06 22:01:30,716 update: 4950	fps: 171.818	
2024-06-06 22:01:30,717 update: 4950	env-time: 26767.885s	pth-time: 9683.851s	frames: 6336000
2024-06-06 22:01:30,718 Average window size: 50  distance_to_goal: 0.355  distance_to_goal_reward: 0.000  euclidean_distance_to_goal: 0.318  euclidean_spl: 0.454  euclidean_success: 0.819  nonstop_euclidean_spl: 0.454  nonstop_euclidean_success: 0.820  reward: 4.255
2024-06-06 22:04:39,331 update: 4975	fps: 171.807	
2024-06-06 22:04:39,331 update: 4975	env-time: 26903.383s	pth-time: 9732.118s	frames: 6368000
2024-06-06 22:04:39,332 Average window size: 50  distance_to_goal: 0.372  distance_to_goal_reward: -0.001  euclidean_distance_to_goal: 0.342  euclidean_spl: 0.451  euclidean_success: 0.808  nonstop_euclidean_spl: 0.452  nonstop_euclidean_success: 0.811  reward: 4.164
2024-06-06 22:07:42,246 update: 5000	fps: 171.822	
2024-06-06 22:07:42,247 update: 5000	env-time: 27035.955s	pth-time: 9780.358s	frames: 6400000
2024-06-06 22:07:42,247 Average window size: 50  distance_to_goal: 0.368  distance_to_goal_reward: -0.001  euclidean_distance_to_goal: 0.338  euclidean_spl: 0.461  euclidean_success: 0.816  nonstop_euclidean_spl: 0.461  nonstop_euclidean_success: 0.818  reward: 4.164
2024-06-06 22:07:42,617 Launch eval for ckpt 7
2024-06-06 22:07:42,671 Read eval results for ckpt 7
